#
# There is insufficient memory for the Java Runtime Environment to continue.
# Native memory allocation (mmap) failed to map 65536 bytes for Failed to commit metaspace.
# Possible reasons:
#   The system is out of physical RAM or swap space
#   The process is running with CompressedOops enabled, and the Java Heap may be blocking the growth of the native heap
# Possible solutions:
#   Reduce memory load on the system
#   Increase physical memory or swap space
#   Check if swap backing store is full
#   Decrease Java heap size (-Xmx/-Xms)
#   Decrease number of Java threads
#   Decrease Java thread stack sizes (-Xss)
#   Set larger code cache with -XX:ReservedCodeCacheSize=
#   JVM is running with Unscaled Compressed Oops mode in which the Java heap is
#     placed in the first 4GB address space. The Java Heap base address is the
#     maximum limit for the native heap growth. Please use -XX:HeapBaseMinAddress
#     to set the Java Heap base and to place the Java Heap above 4GB virtual address.
# This output file may be truncated or incomplete.
#
#  Out of Memory Error (virtualSpaceNode.cpp:110), pid=32856, tid=33760
#
# JRE version: Java(TM) SE Runtime Environment (18.0.2.1+1) (build 18.0.2.1+1-1)
# Java VM: Java HotSpot(TM) 64-Bit Server VM (18.0.2.1+1-1, mixed mode, sharing, tiered, compressed oops, compressed class ptrs, g1 gc, windows-amd64)
# No core dump will be written. Minidumps are not enabled by default on client versions of Windows
#

---------------  S U M M A R Y ------------

Command Line: -Dfile.encoding=UTF-8 --module-path=C:\Users\ragha\OneDrive\Documents\NetBeansProjects\EmployeeManagementSystem\build\classes employeemanagementsystem.Add

Host: 11th Gen Intel(R) Core(TM) i5-1155G7 @ 2.50GHz, 8 cores, 7G,  Windows 11 , 64 bit Build 22621 (10.0.22621.2215)
Time: Sun Oct  1 17:39:38 2023 India Standard Time elapsed time: 0.495493 seconds (0d 0h 0m 0s)

---------------  T H R E A D  ---------------

Current thread (0x000001a7529f2b80):  JavaThread "main" [_thread_in_vm, id=33760, stack(0x0000003463b00000,0x0000003463c00000)]

Stack: [0x0000003463b00000,0x0000003463c00000]
Native frames: (J=compiled Java code, j=interpreted, Vv=VM code, C=native code)
V  [jvm.dll+0x6993aa]
V  [jvm.dll+0x7f46dd]
V  [jvm.dll+0x7f5fee]
V  [jvm.dll+0x7f66a3]
V  [jvm.dll+0x25cf1f]
V  [jvm.dll+0x7f03eb]
V  [jvm.dll+0x63f526]
V  [jvm.dll+0x63f58a]
V  [jvm.dll+0x641e0e]
V  [jvm.dll+0x641cce]
V  [jvm.dll+0x63feee]
V  [jvm.dll+0x252ab0]
V  [jvm.dll+0x20333d]
V  [jvm.dll+0x1f8d61]
V  [jvm.dll+0x55dc05]
V  [jvm.dll+0x209c17]
V  [jvm.dll+0x76dd8d]
V  [jvm.dll+0x76f0c6]
V  [jvm.dll+0x76f851]
V  [jvm.dll+0x203b64]
V  [jvm.dll+0x1f8d7a]
V  [jvm.dll+0x55dc05]
V  [jvm.dll+0x209c17]
V  [jvm.dll+0x76dd8d]
V  [jvm.dll+0x76f0c6]
V  [jvm.dll+0x43441a]
C  [java.dll+0x1a55]

Java frames: (J=compiled Java code, j=interpreted, Vv=VM code)
j  java.lang.ClassLoader.findBootstrapClass(Ljava/lang/String;)Ljava/lang/Class;+0 java.base@18.0.2.1
j  java.lang.ClassLoader.findBootstrapClassOrNull(Ljava/lang/String;)Ljava/lang/Class;+10 java.base@18.0.2.1
j  java.lang.System$2.findBootstrapClassOrNull(Ljava/lang/String;)Ljava/lang/Class;+1 java.base@18.0.2.1
j  jdk.internal.loader.ClassLoaders$BootClassLoader.loadClassOrNull(Ljava/lang/String;Z)Ljava/lang/Class;+4 java.base@18.0.2.1
j  jdk.internal.loader.BuiltinClassLoader.loadClassOrNull(Ljava/lang/String;)Ljava/lang/Class;+3 java.base@18.0.2.1
j  jdk.internal.loader.BuiltinClassLoader.loadClassOrNull(Ljava/lang/String;Z)Ljava/lang/Class;+66 java.base@18.0.2.1
j  jdk.internal.loader.BuiltinClassLoader.loadClass(Ljava/lang/String;Z)Ljava/lang/Class;+3 java.base@18.0.2.1
j  jdk.internal.loader.ClassLoaders$AppClassLoader.loadClass(Ljava/lang/String;Z)Ljava/lang/Class;+36 java.base@18.0.2.1
j  java.lang.ClassLoader.loadClass(Ljava/lang/String;)Ljava/lang/Class;+3 java.base@18.0.2.1
v  ~StubRoutines::call_stub
j  java.lang.Class.forName0(Ljava/lang/String;ZLjava/lang/ClassLoader;Ljava/lang/Class;)Ljava/lang/Class;+0 java.base@18.0.2.1
j  java.lang.Class.forName(Ljava/lang/String;ZLjava/lang/ClassLoader;Ljava/lang/Class;)Ljava/lang/Class;+37 java.base@18.0.2.1
j  java.lang.Class.forName(Ljava/lang/String;ZLjava/lang/ClassLoader;)Ljava/lang/Class;+20 java.base@18.0.2.1
j  javax.swing.SwingUtilities.loadSystemClass(Ljava/lang/String;)Ljava/lang/Class;+12 java.desktop@18.0.2.1
j  javax.swing.UIDefaults.getUIClass(Ljava/lang/String;Ljava/lang/ClassLoader;)Ljava/lang/Class;+37 java.desktop@18.0.2.1
j  javax.swing.UIDefaults.getUI(Ljavax/swing/JComponent;)Ljavax/swing/plaf/ComponentUI;+32 java.desktop@18.0.2.1
j  javax.swing.UIManager.getUI(Ljavax/swing/JComponent;)Ljavax/swing/plaf/ComponentUI;+37 java.desktop@18.0.2.1
j  javax.swing.JScrollPane.updateUI()V+2 java.desktop@18.0.2.1
j  javax.swing.JScrollPane.<init>(Ljava/awt/Component;II)V+86 java.desktop@18.0.2.1
j  javax.swing.plaf.basic.BasicComboPopup.createScroller()Ljavax/swing/JScrollPane;+12 java.desktop@18.0.2.1
j  javax.swing.plaf.basic.BasicComboPopup.<init>(Ljavax/swing/JComboBox;)V+69 java.desktop@18.0.2.1
j  javax.swing.plaf.basic.BasicComboBoxUI.createPopup()Ljavax/swing/plaf/basic/ComboPopup;+8 java.desktop@18.0.2.1
j  javax.swing.plaf.metal.MetalComboBoxUI.createPopup()Ljavax/swing/plaf/basic/ComboPopup;+1 java.desktop@18.0.2.1
j  javax.swing.plaf.basic.BasicComboBoxUI.installUI(Ljavax/swing/JComponent;)V+21 java.desktop@18.0.2.1
j  javax.swing.JComponent.setUI(Ljavax/swing/plaf/ComponentUI;)V+52 java.desktop@18.0.2.1
j  javax.swing.JComboBox.setUI(Ljavax/swing/plaf/ComboBoxUI;)V+2 java.desktop@18.0.2.1
j  javax.swing.JComboBox.updateUI()V+20 java.desktop@18.0.2.1
j  javax.swing.JComboBox.init()V+15 java.desktop@18.0.2.1
j  javax.swing.JComboBox.<init>()V+60 java.desktop@18.0.2.1
j  com.toedter.calendar.JMonthChooser.<init>(Z)V+36
j  com.toedter.calendar.JCalendar.<init>(Ljava/util/Date;Ljava/util/Locale;ZZ)V+106
j  com.toedter.calendar.JCalendar.<init>(Ljava/util/Date;)V+5
j  com.toedter.calendar.JDateChooser.<init>(Lcom/toedter/calendar/JCalendar;Ljava/util/Date;Ljava/lang/String;Lcom/toedter/calendar/IDateEditor;)V+56
j  com.toedter.calendar.JDateChooser.<init>()V+5
j  employeemanagementsystem.Add.<init>()V+277
j  employeemanagementsystem.Add.main([Ljava/lang/String;)V+4
v  ~StubRoutines::call_stub

---------------  P R O C E S S  ---------------

Threads class SMR info:
_java_thread_list=0x000001a775b1c230, length=17, elements={
0x000001a7529f2b80, 0x000001a7708f9230, 0x000001a7708fb990, 0x000001a77091cc90,
0x000001a77091d540, 0x000001a770920690, 0x000001a770921de0, 0x000001a77092da20,
0x000001a770932820, 0x000001a77093b9d0, 0x000001a774c43230, 0x000001a774d09560,
0x000001a774da67d0, 0x000001a774ef2ae0, 0x000001a774efda70, 0x000001a774f05a10,
0x000001a775b33f30
}

Java Threads: ( => current thread )
=>0x000001a7529f2b80 JavaThread "main" [_thread_in_vm, id=33760, stack(0x0000003463b00000,0x0000003463c00000)]
  0x000001a7708f9230 JavaThread "Reference Handler" daemon [_thread_blocked, id=32656, stack(0x0000003464200000,0x0000003464300000)]
  0x000001a7708fb990 JavaThread "Finalizer" daemon [_thread_blocked, id=24804, stack(0x0000003464300000,0x0000003464400000)]
  0x000001a77091cc90 JavaThread "Signal Dispatcher" daemon [_thread_blocked, id=31944, stack(0x0000003464400000,0x0000003464500000)]
  0x000001a77091d540 JavaThread "Attach Listener" daemon [_thread_blocked, id=32876, stack(0x0000003464500000,0x0000003464600000)]
  0x000001a770920690 JavaThread "Service Thread" daemon [_thread_blocked, id=20660, stack(0x0000003464600000,0x0000003464700000)]
  0x000001a770921de0 JavaThread "Monitor Deflation Thread" daemon [_thread_blocked, id=12672, stack(0x0000003464700000,0x0000003464800000)]
  0x000001a77092da20 JavaThread "C2 CompilerThread0" daemon [_thread_blocked, id=4528, stack(0x0000003464800000,0x0000003464900000)]
  0x000001a770932820 JavaThread "C1 CompilerThread0" daemon [_thread_in_vm, id=32136, stack(0x0000003464900000,0x0000003464a00000)]
  0x000001a77093b9d0 JavaThread "Sweeper thread" daemon [_thread_blocked, id=28788, stack(0x0000003464a00000,0x0000003464b00000)]
  0x000001a774c43230 JavaThread "Common-Cleaner" daemon [_thread_blocked, id=29644, stack(0x0000003464b00000,0x0000003464c00000)]
  0x000001a774d09560 JavaThread "Notification Thread" daemon [_thread_blocked, id=32904, stack(0x0000003464c00000,0x0000003464d00000)]
  0x000001a774da67d0 JavaThread "C2 CompilerThread1" daemon [_thread_blocked, id=19068, stack(0x0000003464e00000,0x0000003464f00000)]
  0x000001a774ef2ae0 JavaThread "Java2D Disposer" daemon [_thread_blocked, id=32676, stack(0x0000003464f00000,0x0000003465000000)]
  0x000001a774efda70 JavaThread "AWT-Shutdown" [_thread_blocked, id=26204, stack(0x0000003465000000,0x0000003465100000)]
  0x000001a774f05a10 JavaThread "AWT-Windows" daemon [_thread_in_native, id=18968, stack(0x0000003465100000,0x0000003465200000)]
  0x000001a775b33f30 JavaThread "AWT-EventQueue-0" [_thread_blocked, id=32500, stack(0x0000003465200000,0x0000003465300000)]

Other Threads:
  0x000001a7708f7240 VMThread "VM Thread" [stack: 0x0000003464100000,0x0000003464200000] [id=32812]
  0x000001a774d09a20 WatcherThread "VM Periodic Task Thread" [stack: 0x0000003464d00000,0x0000003464e00000] [id=30540]
  0x000001a752a50cc0 WorkerThread "GC Thread#0" [stack: 0x0000003463c00000,0x0000003463d00000] [id=33756]
  0x000001a752a611c0 ConcurrentGCThread "G1 Main Marker" [stack: 0x0000003463d00000,0x0000003463e00000] [id=33764]
  0x000001a752a64260 WorkerThread "G1 Conc#0" [stack: 0x0000003463e00000,0x0000003463f00000] [id=28560]
  0x000001a752aade30 ConcurrentGCThread "G1 Refine#0" [stack: 0x0000003463f00000,0x0000003464000000] [id=33780]
  0x000001a752aae740 ConcurrentGCThread "G1 Service" [stack: 0x0000003464000000,0x0000003464100000] [id=33768]

Threads with active compile tasks:
C1 CompilerThread0      528  815       3       java.awt.Component::getTreeLock (4 bytes)

VM state: not at safepoint (normal execution)

VM Mutex/Monitor currently owned by a thread:  ([mutex/lock_event])
[0x000001a7529ecea0] Metaspace_lock - owner thread: 0x000001a7529f2b80
[0x000001a7529ed130] MethodData_lock - owner thread: 0x000001a770932820

Heap address: 0x0000000085800000, size: 1960 MB, Compressed Oops mode: 32-bit

CDS archive(s) mapped at: [0x0000000800000000-0x0000000800ba0000-0x0000000800ba0000), size 12189696, SharedBaseAddress: 0x0000000800000000, ArchiveRelocationMode: 0.
Compressed class space mapped at: 0x0000000800c00000-0x0000000840c00000, reserved size: 1073741824
Narrow klass base: 0x0000000800000000, Narrow klass shift: 0, Narrow klass range: 0x100000000

GC Precious Log:
 CardTable entry size: 512
 Card Set container configuration: InlinePtr #cards 5 size 8 Array Of Cards #cards 12 size 40 Howl #buckets 4 coarsen threshold 1843 Howl Bitmap #cards 512 size 80 coarsen threshold 460 Card regions per heap region 1 cards per card region 2048
 CPUs: 8 total, 8 available
 Memory: 7834M
 Large Page Support: Disabled
 NUMA Support: Disabled
 Compressed Oops: Enabled (32-bit)
 Heap Region Size: 1M
 Heap Min Capacity: 8M
 Heap Initial Capacity: 124M
 Heap Max Capacity: 1960M
 Pre-touch: Disabled
 Parallel Workers: 8
 Concurrent Workers: 2
 Concurrent Refinement Workers: 8
 Periodic GC: Disabled

Heap:
 garbage-first heap   total 126976K, used 7168K [0x0000000085800000, 0x0000000100000000)
  region size 1024K, 8 young (8192K), 0 survivors (0K)
 Metaspace       used 7600K, committed 7744K, reserved 1114112K
  class space    used 929K, committed 1024K, reserved 1048576K

Heap Regions: E=young(eden), S=young(survivor), O=old, HS=humongous(starts), HC=humongous(continues), CS=collection set, F=free, OA=open archive, CA=closed archive, TAMS=top-at-mark-start (previous, next)
|   0|0x0000000085800000, 0x0000000085800000, 0x0000000085900000|  0%| F|  |TAMS 0x0000000085800000, 0x0000000085800000| Untracked 
|   1|0x0000000085900000, 0x0000000085900000, 0x0000000085a00000|  0%| F|  |TAMS 0x0000000085900000, 0x0000000085900000| Untracked 
|   2|0x0000000085a00000, 0x0000000085a00000, 0x0000000085b00000|  0%| F|  |TAMS 0x0000000085a00000, 0x0000000085a00000| Untracked 
|   3|0x0000000085b00000, 0x0000000085b00000, 0x0000000085c00000|  0%| F|  |TAMS 0x0000000085b00000, 0x0000000085b00000| Untracked 
|   4|0x0000000085c00000, 0x0000000085c00000, 0x0000000085d00000|  0%| F|  |TAMS 0x0000000085c00000, 0x0000000085c00000| Untracked 
|   5|0x0000000085d00000, 0x0000000085d00000, 0x0000000085e00000|  0%| F|  |TAMS 0x0000000085d00000, 0x0000000085d00000| Untracked 
|   6|0x0000000085e00000, 0x0000000085e00000, 0x0000000085f00000|  0%| F|  |TAMS 0x0000000085e00000, 0x0000000085e00000| Untracked 
|   7|0x0000000085f00000, 0x0000000085f00000, 0x0000000086000000|  0%| F|  |TAMS 0x0000000085f00000, 0x0000000085f00000| Untracked 
|   8|0x0000000086000000, 0x0000000086000000, 0x0000000086100000|  0%| F|  |TAMS 0x0000000086000000, 0x0000000086000000| Untracked 
|   9|0x0000000086100000, 0x0000000086100000, 0x0000000086200000|  0%| F|  |TAMS 0x0000000086100000, 0x0000000086100000| Untracked 
|  10|0x0000000086200000, 0x0000000086200000, 0x0000000086300000|  0%| F|  |TAMS 0x0000000086200000, 0x0000000086200000| Untracked 
|  11|0x0000000086300000, 0x0000000086300000, 0x0000000086400000|  0%| F|  |TAMS 0x0000000086300000, 0x0000000086300000| Untracked 
|  12|0x0000000086400000, 0x0000000086400000, 0x0000000086500000|  0%| F|  |TAMS 0x0000000086400000, 0x0000000086400000| Untracked 
|  13|0x0000000086500000, 0x0000000086500000, 0x0000000086600000|  0%| F|  |TAMS 0x0000000086500000, 0x0000000086500000| Untracked 
|  14|0x0000000086600000, 0x0000000086600000, 0x0000000086700000|  0%| F|  |TAMS 0x0000000086600000, 0x0000000086600000| Untracked 
|  15|0x0000000086700000, 0x0000000086700000, 0x0000000086800000|  0%| F|  |TAMS 0x0000000086700000, 0x0000000086700000| Untracked 
|  16|0x0000000086800000, 0x0000000086800000, 0x0000000086900000|  0%| F|  |TAMS 0x0000000086800000, 0x0000000086800000| Untracked 
|  17|0x0000000086900000, 0x0000000086900000, 0x0000000086a00000|  0%| F|  |TAMS 0x0000000086900000, 0x0000000086900000| Untracked 
|  18|0x0000000086a00000, 0x0000000086a00000, 0x0000000086b00000|  0%| F|  |TAMS 0x0000000086a00000, 0x0000000086a00000| Untracked 
|  19|0x0000000086b00000, 0x0000000086b00000, 0x0000000086c00000|  0%| F|  |TAMS 0x0000000086b00000, 0x0000000086b00000| Untracked 
|  20|0x0000000086c00000, 0x0000000086c00000, 0x0000000086d00000|  0%| F|  |TAMS 0x0000000086c00000, 0x0000000086c00000| Untracked 
|  21|0x0000000086d00000, 0x0000000086d00000, 0x0000000086e00000|  0%| F|  |TAMS 0x0000000086d00000, 0x0000000086d00000| Untracked 
|  22|0x0000000086e00000, 0x0000000086e00000, 0x0000000086f00000|  0%| F|  |TAMS 0x0000000086e00000, 0x0000000086e00000| Untracked 
|  23|0x0000000086f00000, 0x0000000086f00000, 0x0000000087000000|  0%| F|  |TAMS 0x0000000086f00000, 0x0000000086f00000| Untracked 
|  24|0x0000000087000000, 0x0000000087000000, 0x0000000087100000|  0%| F|  |TAMS 0x0000000087000000, 0x0000000087000000| Untracked 
|  25|0x0000000087100000, 0x0000000087100000, 0x0000000087200000|  0%| F|  |TAMS 0x0000000087100000, 0x0000000087100000| Untracked 
|  26|0x0000000087200000, 0x0000000087200000, 0x0000000087300000|  0%| F|  |TAMS 0x0000000087200000, 0x0000000087200000| Untracked 
|  27|0x0000000087300000, 0x0000000087300000, 0x0000000087400000|  0%| F|  |TAMS 0x0000000087300000, 0x0000000087300000| Untracked 
|  28|0x0000000087400000, 0x0000000087400000, 0x0000000087500000|  0%| F|  |TAMS 0x0000000087400000, 0x0000000087400000| Untracked 
|  29|0x0000000087500000, 0x0000000087500000, 0x0000000087600000|  0%| F|  |TAMS 0x0000000087500000, 0x0000000087500000| Untracked 
|  30|0x0000000087600000, 0x0000000087600000, 0x0000000087700000|  0%| F|  |TAMS 0x0000000087600000, 0x0000000087600000| Untracked 
|  31|0x0000000087700000, 0x0000000087700000, 0x0000000087800000|  0%| F|  |TAMS 0x0000000087700000, 0x0000000087700000| Untracked 
|  32|0x0000000087800000, 0x0000000087800000, 0x0000000087900000|  0%| F|  |TAMS 0x0000000087800000, 0x0000000087800000| Untracked 
|  33|0x0000000087900000, 0x0000000087900000, 0x0000000087a00000|  0%| F|  |TAMS 0x0000000087900000, 0x0000000087900000| Untracked 
|  34|0x0000000087a00000, 0x0000000087a00000, 0x0000000087b00000|  0%| F|  |TAMS 0x0000000087a00000, 0x0000000087a00000| Untracked 
|  35|0x0000000087b00000, 0x0000000087b00000, 0x0000000087c00000|  0%| F|  |TAMS 0x0000000087b00000, 0x0000000087b00000| Untracked 
|  36|0x0000000087c00000, 0x0000000087c00000, 0x0000000087d00000|  0%| F|  |TAMS 0x0000000087c00000, 0x0000000087c00000| Untracked 
|  37|0x0000000087d00000, 0x0000000087d00000, 0x0000000087e00000|  0%| F|  |TAMS 0x0000000087d00000, 0x0000000087d00000| Untracked 
|  38|0x0000000087e00000, 0x0000000087e00000, 0x0000000087f00000|  0%| F|  |TAMS 0x0000000087e00000, 0x0000000087e00000| Untracked 
|  39|0x0000000087f00000, 0x0000000087f00000, 0x0000000088000000|  0%| F|  |TAMS 0x0000000087f00000, 0x0000000087f00000| Untracked 
|  40|0x0000000088000000, 0x0000000088000000, 0x0000000088100000|  0%| F|  |TAMS 0x0000000088000000, 0x0000000088000000| Untracked 
|  41|0x0000000088100000, 0x0000000088100000, 0x0000000088200000|  0%| F|  |TAMS 0x0000000088100000, 0x0000000088100000| Untracked 
|  42|0x0000000088200000, 0x0000000088200000, 0x0000000088300000|  0%| F|  |TAMS 0x0000000088200000, 0x0000000088200000| Untracked 
|  43|0x0000000088300000, 0x0000000088300000, 0x0000000088400000|  0%| F|  |TAMS 0x0000000088300000, 0x0000000088300000| Untracked 
|  44|0x0000000088400000, 0x0000000088400000, 0x0000000088500000|  0%| F|  |TAMS 0x0000000088400000, 0x0000000088400000| Untracked 
|  45|0x0000000088500000, 0x0000000088500000, 0x0000000088600000|  0%| F|  |TAMS 0x0000000088500000, 0x0000000088500000| Untracked 
|  46|0x0000000088600000, 0x0000000088600000, 0x0000000088700000|  0%| F|  |TAMS 0x0000000088600000, 0x0000000088600000| Untracked 
|  47|0x0000000088700000, 0x0000000088700000, 0x0000000088800000|  0%| F|  |TAMS 0x0000000088700000, 0x0000000088700000| Untracked 
|  48|0x0000000088800000, 0x0000000088800000, 0x0000000088900000|  0%| F|  |TAMS 0x0000000088800000, 0x0000000088800000| Untracked 
|  49|0x0000000088900000, 0x0000000088900000, 0x0000000088a00000|  0%| F|  |TAMS 0x0000000088900000, 0x0000000088900000| Untracked 
|  50|0x0000000088a00000, 0x0000000088a00000, 0x0000000088b00000|  0%| F|  |TAMS 0x0000000088a00000, 0x0000000088a00000| Untracked 
|  51|0x0000000088b00000, 0x0000000088b00000, 0x0000000088c00000|  0%| F|  |TAMS 0x0000000088b00000, 0x0000000088b00000| Untracked 
|  52|0x0000000088c00000, 0x0000000088c00000, 0x0000000088d00000|  0%| F|  |TAMS 0x0000000088c00000, 0x0000000088c00000| Untracked 
|  53|0x0000000088d00000, 0x0000000088d00000, 0x0000000088e00000|  0%| F|  |TAMS 0x0000000088d00000, 0x0000000088d00000| Untracked 
|  54|0x0000000088e00000, 0x0000000088e00000, 0x0000000088f00000|  0%| F|  |TAMS 0x0000000088e00000, 0x0000000088e00000| Untracked 
|  55|0x0000000088f00000, 0x0000000088f00000, 0x0000000089000000|  0%| F|  |TAMS 0x0000000088f00000, 0x0000000088f00000| Untracked 
|  56|0x0000000089000000, 0x0000000089000000, 0x0000000089100000|  0%| F|  |TAMS 0x0000000089000000, 0x0000000089000000| Untracked 
|  57|0x0000000089100000, 0x0000000089100000, 0x0000000089200000|  0%| F|  |TAMS 0x0000000089100000, 0x0000000089100000| Untracked 
|  58|0x0000000089200000, 0x0000000089200000, 0x0000000089300000|  0%| F|  |TAMS 0x0000000089200000, 0x0000000089200000| Untracked 
|  59|0x0000000089300000, 0x0000000089300000, 0x0000000089400000|  0%| F|  |TAMS 0x0000000089300000, 0x0000000089300000| Untracked 
|  60|0x0000000089400000, 0x0000000089400000, 0x0000000089500000|  0%| F|  |TAMS 0x0000000089400000, 0x0000000089400000| Untracked 
|  61|0x0000000089500000, 0x0000000089500000, 0x0000000089600000|  0%| F|  |TAMS 0x0000000089500000, 0x0000000089500000| Untracked 
|  62|0x0000000089600000, 0x0000000089600000, 0x0000000089700000|  0%| F|  |TAMS 0x0000000089600000, 0x0000000089600000| Untracked 
|  63|0x0000000089700000, 0x0000000089700000, 0x0000000089800000|  0%| F|  |TAMS 0x0000000089700000, 0x0000000089700000| Untracked 
|  64|0x0000000089800000, 0x0000000089800000, 0x0000000089900000|  0%| F|  |TAMS 0x0000000089800000, 0x0000000089800000| Untracked 
|  65|0x0000000089900000, 0x0000000089900000, 0x0000000089a00000|  0%| F|  |TAMS 0x0000000089900000, 0x0000000089900000| Untracked 
|  66|0x0000000089a00000, 0x0000000089a00000, 0x0000000089b00000|  0%| F|  |TAMS 0x0000000089a00000, 0x0000000089a00000| Untracked 
|  67|0x0000000089b00000, 0x0000000089b00000, 0x0000000089c00000|  0%| F|  |TAMS 0x0000000089b00000, 0x0000000089b00000| Untracked 
|  68|0x0000000089c00000, 0x0000000089c00000, 0x0000000089d00000|  0%| F|  |TAMS 0x0000000089c00000, 0x0000000089c00000| Untracked 
|  69|0x0000000089d00000, 0x0000000089d00000, 0x0000000089e00000|  0%| F|  |TAMS 0x0000000089d00000, 0x0000000089d00000| Untracked 
|  70|0x0000000089e00000, 0x0000000089e00000, 0x0000000089f00000|  0%| F|  |TAMS 0x0000000089e00000, 0x0000000089e00000| Untracked 
|  71|0x0000000089f00000, 0x0000000089f00000, 0x000000008a000000|  0%| F|  |TAMS 0x0000000089f00000, 0x0000000089f00000| Untracked 
|  72|0x000000008a000000, 0x000000008a000000, 0x000000008a100000|  0%| F|  |TAMS 0x000000008a000000, 0x000000008a000000| Untracked 
|  73|0x000000008a100000, 0x000000008a100000, 0x000000008a200000|  0%| F|  |TAMS 0x000000008a100000, 0x000000008a100000| Untracked 
|  74|0x000000008a200000, 0x000000008a200000, 0x000000008a300000|  0%| F|  |TAMS 0x000000008a200000, 0x000000008a200000| Untracked 
|  75|0x000000008a300000, 0x000000008a300000, 0x000000008a400000|  0%| F|  |TAMS 0x000000008a300000, 0x000000008a300000| Untracked 
|  76|0x000000008a400000, 0x000000008a400000, 0x000000008a500000|  0%| F|  |TAMS 0x000000008a400000, 0x000000008a400000| Untracked 
|  77|0x000000008a500000, 0x000000008a500000, 0x000000008a600000|  0%| F|  |TAMS 0x000000008a500000, 0x000000008a500000| Untracked 
|  78|0x000000008a600000, 0x000000008a600000, 0x000000008a700000|  0%| F|  |TAMS 0x000000008a600000, 0x000000008a600000| Untracked 
|  79|0x000000008a700000, 0x000000008a700000, 0x000000008a800000|  0%| F|  |TAMS 0x000000008a700000, 0x000000008a700000| Untracked 
|  80|0x000000008a800000, 0x000000008a800000, 0x000000008a900000|  0%| F|  |TAMS 0x000000008a800000, 0x000000008a800000| Untracked 
|  81|0x000000008a900000, 0x000000008a900000, 0x000000008aa00000|  0%| F|  |TAMS 0x000000008a900000, 0x000000008a900000| Untracked 
|  82|0x000000008aa00000, 0x000000008aa00000, 0x000000008ab00000|  0%| F|  |TAMS 0x000000008aa00000, 0x000000008aa00000| Untracked 
|  83|0x000000008ab00000, 0x000000008ab00000, 0x000000008ac00000|  0%| F|  |TAMS 0x000000008ab00000, 0x000000008ab00000| Untracked 
|  84|0x000000008ac00000, 0x000000008ac00000, 0x000000008ad00000|  0%| F|  |TAMS 0x000000008ac00000, 0x000000008ac00000| Untracked 
|  85|0x000000008ad00000, 0x000000008ad00000, 0x000000008ae00000|  0%| F|  |TAMS 0x000000008ad00000, 0x000000008ad00000| Untracked 
|  86|0x000000008ae00000, 0x000000008ae00000, 0x000000008af00000|  0%| F|  |TAMS 0x000000008ae00000, 0x000000008ae00000| Untracked 
|  87|0x000000008af00000, 0x000000008af00000, 0x000000008b000000|  0%| F|  |TAMS 0x000000008af00000, 0x000000008af00000| Untracked 
|  88|0x000000008b000000, 0x000000008b000000, 0x000000008b100000|  0%| F|  |TAMS 0x000000008b000000, 0x000000008b000000| Untracked 
|  89|0x000000008b100000, 0x000000008b100000, 0x000000008b200000|  0%| F|  |TAMS 0x000000008b100000, 0x000000008b100000| Untracked 
|  90|0x000000008b200000, 0x000000008b200000, 0x000000008b300000|  0%| F|  |TAMS 0x000000008b200000, 0x000000008b200000| Untracked 
|  91|0x000000008b300000, 0x000000008b300000, 0x000000008b400000|  0%| F|  |TAMS 0x000000008b300000, 0x000000008b300000| Untracked 
|  92|0x000000008b400000, 0x000000008b400000, 0x000000008b500000|  0%| F|  |TAMS 0x000000008b400000, 0x000000008b400000| Untracked 
|  93|0x000000008b500000, 0x000000008b500000, 0x000000008b600000|  0%| F|  |TAMS 0x000000008b500000, 0x000000008b500000| Untracked 
|  94|0x000000008b600000, 0x000000008b600000, 0x000000008b700000|  0%| F|  |TAMS 0x000000008b600000, 0x000000008b600000| Untracked 
|  95|0x000000008b700000, 0x000000008b700000, 0x000000008b800000|  0%| F|  |TAMS 0x000000008b700000, 0x000000008b700000| Untracked 
|  96|0x000000008b800000, 0x000000008b800000, 0x000000008b900000|  0%| F|  |TAMS 0x000000008b800000, 0x000000008b800000| Untracked 
|  97|0x000000008b900000, 0x000000008b900000, 0x000000008ba00000|  0%| F|  |TAMS 0x000000008b900000, 0x000000008b900000| Untracked 
|  98|0x000000008ba00000, 0x000000008ba00000, 0x000000008bb00000|  0%| F|  |TAMS 0x000000008ba00000, 0x000000008ba00000| Untracked 
|  99|0x000000008bb00000, 0x000000008bb00000, 0x000000008bc00000|  0%| F|  |TAMS 0x000000008bb00000, 0x000000008bb00000| Untracked 
| 100|0x000000008bc00000, 0x000000008bc00000, 0x000000008bd00000|  0%| F|  |TAMS 0x000000008bc00000, 0x000000008bc00000| Untracked 
| 101|0x000000008bd00000, 0x000000008bd00000, 0x000000008be00000|  0%| F|  |TAMS 0x000000008bd00000, 0x000000008bd00000| Untracked 
| 102|0x000000008be00000, 0x000000008be00000, 0x000000008bf00000|  0%| F|  |TAMS 0x000000008be00000, 0x000000008be00000| Untracked 
| 103|0x000000008bf00000, 0x000000008bf00000, 0x000000008c000000|  0%| F|  |TAMS 0x000000008bf00000, 0x000000008bf00000| Untracked 
| 104|0x000000008c000000, 0x000000008c000000, 0x000000008c100000|  0%| F|  |TAMS 0x000000008c000000, 0x000000008c000000| Untracked 
| 105|0x000000008c100000, 0x000000008c100000, 0x000000008c200000|  0%| F|  |TAMS 0x000000008c100000, 0x000000008c100000| Untracked 
| 106|0x000000008c200000, 0x000000008c200000, 0x000000008c300000|  0%| F|  |TAMS 0x000000008c200000, 0x000000008c200000| Untracked 
| 107|0x000000008c300000, 0x000000008c300000, 0x000000008c400000|  0%| F|  |TAMS 0x000000008c300000, 0x000000008c300000| Untracked 
| 108|0x000000008c400000, 0x000000008c400000, 0x000000008c500000|  0%| F|  |TAMS 0x000000008c400000, 0x000000008c400000| Untracked 
| 109|0x000000008c500000, 0x000000008c500000, 0x000000008c600000|  0%| F|  |TAMS 0x000000008c500000, 0x000000008c500000| Untracked 
| 110|0x000000008c600000, 0x000000008c600000, 0x000000008c700000|  0%| F|  |TAMS 0x000000008c600000, 0x000000008c600000| Untracked 
| 111|0x000000008c700000, 0x000000008c700000, 0x000000008c800000|  0%| F|  |TAMS 0x000000008c700000, 0x000000008c700000| Untracked 
| 112|0x000000008c800000, 0x000000008c800000, 0x000000008c900000|  0%| F|  |TAMS 0x000000008c800000, 0x000000008c800000| Untracked 
| 113|0x000000008c900000, 0x000000008c900000, 0x000000008ca00000|  0%| F|  |TAMS 0x000000008c900000, 0x000000008c900000| Untracked 
| 114|0x000000008ca00000, 0x000000008ca00000, 0x000000008cb00000|  0%| F|  |TAMS 0x000000008ca00000, 0x000000008ca00000| Untracked 
| 115|0x000000008cb00000, 0x000000008cb00000, 0x000000008cc00000|  0%| F|  |TAMS 0x000000008cb00000, 0x000000008cb00000| Untracked 
| 116|0x000000008cc00000, 0x000000008cd00000, 0x000000008cd00000|100%| E|  |TAMS 0x000000008cc00000, 0x000000008cc00000| Complete 
| 117|0x000000008cd00000, 0x000000008ce00000, 0x000000008ce00000|100%| E|CS|TAMS 0x000000008cd00000, 0x000000008cd00000| Complete 
| 118|0x000000008ce00000, 0x000000008cf00000, 0x000000008cf00000|100%| E|CS|TAMS 0x000000008ce00000, 0x000000008ce00000| Complete 
| 119|0x000000008cf00000, 0x000000008d000000, 0x000000008d000000|100%| E|CS|TAMS 0x000000008cf00000, 0x000000008cf00000| Complete 
| 120|0x000000008d000000, 0x000000008d100000, 0x000000008d100000|100%| E|CS|TAMS 0x000000008d000000, 0x000000008d000000| Complete 
| 121|0x000000008d100000, 0x000000008d200000, 0x000000008d200000|100%| E|CS|TAMS 0x000000008d100000, 0x000000008d100000| Complete 
| 122|0x000000008d200000, 0x000000008d300000, 0x000000008d300000|100%| E|CS|TAMS 0x000000008d200000, 0x000000008d200000| Complete 
| 123|0x000000008d300000, 0x000000008d400000, 0x000000008d400000|100%| E|CS|TAMS 0x000000008d300000, 0x000000008d300000| Complete 

Card table byte_map: [0x000001a769a30000,0x000001a769e10000] _byte_map_base: 0x000001a769604000

Marking Bits (Prev, Next): (CMBitMap*) 0x000001a752a512c0, (CMBitMap*) 0x000001a752a51300
 Prev Bits: [0x000001a76a1f0000, 0x000001a76c090000)
 Next Bits: [0x000001a76c090000, 0x000001a76df30000)

Polling page: 0x000001a7509a0000

Metaspace:

Usage:
  Non-class:      6.52 MB used.
      Class:    929.39 KB used.
       Both:      7.42 MB used.

Virtual space:
  Non-class space:       64.00 MB reserved,       6.56 MB ( 10%) committed,  1 nodes.
      Class space:        1.00 GB reserved,       1.00 MB ( <1%) committed,  1 nodes.
             Both:        1.06 GB reserved,       7.56 MB ( <1%) committed. 

Chunk freelists:
   Non-Class:  1.01 MB
       Class:  3.00 MB
        Both:  4.01 MB

MaxMetaspaceSize: unlimited
CompressedClassSpaceSize: 1.00 GB
Initial GC threshold: 21.00 MB
Current GC threshold: 21.00 MB
CDS: on
MetaspaceReclaimPolicy: balanced
 - commit_granule_bytes: 65536.
 - commit_granule_words: 8192.
 - virtual_space_node_default_size: 8388608.
 - enlarge_chunks_in_place: 1.
 - new_chunks_are_fully_committed: 0.
 - uncommit_free_chunks: 1.
 - use_allocation_guard: 0.


Internal statistics:

num_allocs_failed_limit: 0.
num_arena_births: 100.
num_arena_deaths: 0.
num_vsnodes_births: 2.
num_vsnodes_deaths: 0.
num_space_committed: 121.
num_space_uncommitted: 0.
num_chunks_returned_to_freelist: 0.
num_chunks_taken_from_freelist: 153.
num_chunk_merges: 0.
num_chunk_splits: 87.
num_chunks_enlarged: 28.
num_inconsistent_stats: 0.

CodeHeap 'non-profiled nmethods': size=120000Kb used=253Kb max_used=253Kb free=119746Kb
 bounds [0x000001a761df0000, 0x000001a762060000, 0x000001a769320000]
CodeHeap 'profiled nmethods': size=120000Kb used=1254Kb max_used=1254Kb free=118745Kb
 bounds [0x000001a75a8c0000, 0x000001a75ab30000, 0x000001a761df0000]
CodeHeap 'non-nmethods': size=5760Kb used=1256Kb max_used=1274Kb free=4503Kb
 bounds [0x000001a75a320000, 0x000001a75a590000, 0x000001a75a8c0000]
 total_blobs=1367 nmethods=815 adapters=465
 compilation: enabled
              stopped_count=0, restarted_count=0
 full_count=0

Compilation events (20 events):
Event: 0.489 Thread 0x000001a770932820 nmethod 803 0x000001a75a9f3e10 code [0x000001a75a9f4000, 0x000001a75a9f44c8]
Event: 0.489 Thread 0x000001a770932820  805   !   3       java.awt.Component::firePropertyChange (59 bytes)
Event: 0.489 Thread 0x000001a770932820 nmethod 805 0x000001a75a9f4690 code [0x000001a75a9f4860, 0x000001a75a9f4db8]
Event: 0.489 Thread 0x000001a770932820  804       3       java.lang.invoke.DirectMethodHandle::shouldBeInitialized (117 bytes)
Event: 0.489 Thread 0x000001a770932820 nmethod 804 0x000001a75a9f4f90 code [0x000001a75a9f51e0, 0x000001a75a9f59d8]
Event: 0.490 Thread 0x000001a770932820  806   !   3       java.lang.invoke.MethodHandle::setVarargs (25 bytes)
Event: 0.490 Thread 0x000001a770932820 nmethod 806 0x000001a75a9f5c10 code [0x000001a75a9f5e20, 0x000001a75a9f64d8]
Event: 0.490 Thread 0x000001a770932820  807       3       java.lang.invoke.MemberName::isVarargs (23 bytes)
Event: 0.491 Thread 0x000001a770932820 nmethod 807 0x000001a75a9f6710 code [0x000001a75a9f68e0, 0x000001a75a9f6d78]
Event: 0.491 Thread 0x000001a770932820  808       3       sun.awt.SunToolkit::isInstanceOf (71 bytes)
Event: 0.491 Thread 0x000001a770932820 nmethod 808 0x000001a75a9f6f10 code [0x000001a75a9f7160, 0x000001a75a9f77c8]
Event: 0.492 Thread 0x000001a770932820  810       3       jdk.internal.logger.SimpleConsoleLogger::isLoggable (29 bytes)
Event: 0.492 Thread 0x000001a770932820 nmethod 810 0x000001a75a9f7a90 code [0x000001a75a9f7c40, 0x000001a75a9f7f88]
Event: 0.492 Thread 0x000001a770932820  811       3       jdk.internal.logger.SimpleConsoleLogger::effectiveLevel (17 bytes)
Event: 0.492 Thread 0x000001a770932820 nmethod 811 0x000001a75a9f8090 code [0x000001a75a9f8240, 0x000001a75a9f8468]
Event: 0.492 Thread 0x000001a770932820  812       3       jdk.internal.logger.SurrogateLogger::defaultPlatformLevel (4 bytes)
Event: 0.492 Thread 0x000001a770932820 nmethod 812 0x000001a75a9f8510 code [0x000001a75a9f86a0, 0x000001a75a9f87b8]
Event: 0.492 Thread 0x000001a770932820  814   !   3       jdk.internal.logger.LazyLoggers$LazyLoggerAccessor::platform (103 bytes)
Event: 0.493 Thread 0x000001a770932820 nmethod 814 0x000001a75a9f8890 code [0x000001a75a9f8ae0, 0x000001a75a9f97c8]
Event: 0.493 Thread 0x000001a770932820  815       3       java.awt.Component::getTreeLock (4 bytes)

GC Heap History (0 events):
No events

Deoptimization events (16 events):
Event: 0.241 Thread 0x000001a7529f2b80 Uncommon trap: trap_request=0xffffff45 fr.pc=0x000001a761dfee30 relative=0x0000000000000990
Event: 0.241 Thread 0x000001a7529f2b80 Uncommon trap: reason=unstable_if action=reinterpret pc=0x000001a761dfee30 method=java.util.HashMap.putVal(ILjava/lang/Object;Ljava/lang/Object;ZZ)Ljava/lang/Object; @ 236 c2
Event: 0.241 Thread 0x000001a7529f2b80 DEOPT PACKING pc=0x000001a761dfee30 sp=0x0000003463bfda30
Event: 0.241 Thread 0x000001a7529f2b80 DEOPT UNPACKING pc=0x000001a75a375c23 sp=0x0000003463bfd9e8 mode 2
Event: 0.382 Thread 0x000001a7529f2b80 Uncommon trap: trap_request=0xffffff45 fr.pc=0x000001a761e1ff38 relative=0x0000000000000418
Event: 0.382 Thread 0x000001a7529f2b80 Uncommon trap: reason=unstable_if action=reinterpret pc=0x000001a761e1ff38 method=java.lang.StringLatin1.newString([BII)Ljava/lang/String; @ 1 c2
Event: 0.382 Thread 0x000001a7529f2b80 DEOPT PACKING pc=0x000001a761e1ff38 sp=0x0000003463bfe5c0
Event: 0.382 Thread 0x000001a7529f2b80 DEOPT UNPACKING pc=0x000001a75a375c23 sp=0x0000003463bfe588 mode 2
Event: 0.441 Thread 0x000001a7529f2b80 Uncommon trap: trap_request=0xffffff45 fr.pc=0x000001a761e1dc90 relative=0x0000000000000210
Event: 0.441 Thread 0x000001a7529f2b80 Uncommon trap: reason=unstable_if action=reinterpret pc=0x000001a761e1dc90 method=java.lang.StringUTF16.compress([CI[BII)I @ 20 c2
Event: 0.441 Thread 0x000001a7529f2b80 DEOPT PACKING pc=0x000001a761e1dc90 sp=0x0000003463bfd4c0
Event: 0.441 Thread 0x000001a7529f2b80 DEOPT UNPACKING pc=0x000001a75a375c23 sp=0x0000003463bfd440 mode 2
Event: 0.442 Thread 0x000001a7529f2b80 Uncommon trap: trap_request=0xffffff45 fr.pc=0x000001a761e1af6c relative=0x000000000000024c
Event: 0.442 Thread 0x000001a7529f2b80 Uncommon trap: reason=unstable_if action=reinterpret pc=0x000001a761e1af6c method=java.util.StringTokenizer.scanToken(I)I @ 42 c2
Event: 0.442 Thread 0x000001a7529f2b80 DEOPT PACKING pc=0x000001a761e1af6c sp=0x0000003463bfd820
Event: 0.442 Thread 0x000001a7529f2b80 DEOPT UNPACKING pc=0x000001a75a375c23 sp=0x0000003463bfd7b0 mode 2

Classes loaded (20 events):
Event: 0.491 Loading class javax/swing/plaf/basic/BasicScrollBarUI$TrackListener
Event: 0.491 Loading class javax/swing/plaf/basic/BasicScrollBarUI$TrackListener done
Event: 0.491 Loading class javax/swing/plaf/basic/BasicScrollBarUI$ArrowButtonListener
Event: 0.491 Loading class javax/swing/plaf/basic/BasicScrollBarUI$ArrowButtonListener done
Event: 0.491 Loading class javax/swing/plaf/basic/BasicScrollBarUI$ModelListener
Event: 0.491 Loading class javax/swing/plaf/basic/BasicScrollBarUI$ModelListener done
Event: 0.491 Loading class javax/swing/plaf/metal/MetalScrollBarUI$ScrollBarListener
Event: 0.491 Loading class javax/swing/plaf/basic/BasicScrollBarUI$PropertyChangeHandler
Event: 0.491 Loading class javax/swing/plaf/basic/BasicScrollBarUI$PropertyChangeHandler done
Event: 0.491 Loading class javax/swing/plaf/metal/MetalScrollBarUI$ScrollBarListener done
Event: 0.492 Loading class javax/swing/plaf/basic/BasicScrollBarUI$Handler
Event: 0.492 Loading class javax/swing/plaf/basic/BasicScrollBarUI$Handler done
Event: 0.492 Loading class javax/swing/plaf/basic/BasicScrollBarUI$ScrollListener
Event: 0.492 Loading class javax/swing/plaf/basic/BasicScrollBarUI$ScrollListener done
Event: 0.493 Loading class javax/swing/JViewport$ViewListener
Event: 0.493 Loading class java/awt/event/ComponentAdapter
Event: 0.493 Loading class java/awt/event/ComponentAdapter done
Event: 0.493 Loading class javax/swing/JViewport$ViewListener done
Event: 0.493 Loading class javax/swing/plaf/metal/MetalScrollPaneUI
Event: 0.493 Loading class javax/swing/plaf/basic/BasicScrollPaneUI

Classes unloaded (0 events):
No events

Classes redefined (0 events):
No events

Internal exceptions (14 events):
Event: 0.084 Thread 0x000001a7529f2b80 Exception <a 'sun/nio/fs/WindowsException'{0x000000008d235c28}> (0x000000008d235c28) 
thrown [s\open\src\hotspot\share\prims\jni.cpp, line 516]
Event: 0.084 Thread 0x000001a7529f2b80 Exception <a 'sun/nio/fs/WindowsException'{0x000000008d2361e0}> (0x000000008d2361e0) 
thrown [s\open\src\hotspot\share\prims\jni.cpp, line 516]
Event: 0.086 Thread 0x000001a7529f2b80 Exception <a 'sun/nio/fs/WindowsException'{0x000000008d238858}> (0x000000008d238858) 
thrown [s\open\src\hotspot\share\prims\jni.cpp, line 516]
Event: 0.086 Thread 0x000001a7529f2b80 Exception <a 'sun/nio/fs/WindowsException'{0x000000008d2393e0}> (0x000000008d2393e0) 
thrown [s\open\src\hotspot\share\prims\jni.cpp, line 516]
Event: 0.132 Thread 0x000001a7529f2b80 Exception <a 'java/lang/ClassNotFoundException'{0x000000008d1090d8}: sun/awt/resources/spi/awtProvider> (0x000000008d1090d8) 
thrown [s\open\src\hotspot\share\classfile\systemDictionary.cpp, line 255]
Event: 0.157 Thread 0x000001a7529f2b80 Exception <a 'java/io/FileNotFoundException'{0x000000008d15c8c8}> (0x000000008d15c8c8) 
thrown [s\open\src\hotspot\share\prims\jni.cpp, line 516]
Event: 0.164 Thread 0x000001a7529f2b80 Exception <a 'java/io/FileNotFoundException'{0x000000008d189b40}> (0x000000008d189b40) 
thrown [s\open\src\hotspot\share\prims\jni.cpp, line 516]
Event: 0.208 Thread 0x000001a7529f2b80 Exception <a 'java/lang/NoSuchMethodError'{0x000000008d1cdfa0}: 'java.lang.Object java.lang.invoke.DirectMethodHandle$Holder.invokeStaticInit(java.lang.Object)'> (0x000000008d1cdfa0) 
thrown [s\open\src\hotspot\share\interpreter\linkResolver.cpp, line 759]
Event: 0.244 Thread 0x000001a7529f2b80 Exception <a 'java/lang/NoSuchMethodError'{0x000000008d0a1e78}: 'void java.lang.invoke.DirectMethodHandle$Holder.invokeSpecial(java.lang.Object, java.lang.Object, java.lang.Object)'> (0x000000008d0a1e78) 
thrown [s\open\src\hotspot\share\interpreter\linkResolver.cpp, line 759]
Event: 0.252 Thread 0x000001a7529f2b80 Exception <a 'java/lang/NoSuchMethodError'{0x000000008d0ccef8}: 'java.lang.Object java.lang.invoke.DirectMethodHandle$Holder.newInvokeSpecial(java.lang.Object, java.lang.Object, java.lang.Object, java.lang.Object, java.lang.Object)'> (0x000000008d0ccef8) 
thrown [s\open\src\hotspot\share\interpreter\linkResolver.cpp, line 759]
Event: 0.260 Thread 0x000001a7529f2b80 Exception <a 'java/lang/NoSuchMethodError'{0x000000008d0fed10}: 'java.lang.Object java.lang.invoke.DirectMethodHandle$Holder.invokeStatic(java.lang.Object, int, java.lang.Object)'> (0x000000008d0fed10) 
thrown [s\open\src\hotspot\share\interpreter\linkResolver.cpp, line 759]
Event: 0.290 Thread 0x000001a7529f2b80 Exception <a 'java/lang/ClassNotFoundException'{0x000000008cfbc128}: com/sun/swing/internal/plaf/metal/resources/spi/metalProvider> (0x000000008cfbc128) 
thrown [s\open\src\hotspot\share\classfile\systemDictionary.cpp, line 255]
Event: 0.291 Thread 0x000001a7529f2b80 Exception <a 'java/lang/ClassNotFoundException'{0x000000008cfc0160}: com/sun/swing/internal/plaf/basic/resources/spi/basicProvider> (0x000000008cfc0160) 
thrown [s\open\src\hotspot\share\classfile\systemDictionary.cpp, line 255]
Event: 0.299 Thread 0x000001a7529f2b80 Exception <a 'java/lang/NoSuchMethodError'{0x000000008cfe0560}: 'int java.lang.invoke.Invokers$Holder.invokeExact_MT(java.lang.Object, java.lang.Object)'> (0x000000008cfe0560) 
thrown [s\open\src\hotspot\share\interpreter\linkResolver.cpp, line 759]

VM Operations (4 events):
Event: 0.087 Executing VM operation: HandshakeAllThreads
Event: 0.087 Executing VM operation: HandshakeAllThreads done
Event: 0.319 Executing VM operation: HandshakeAllThreads
Event: 0.319 Executing VM operation: HandshakeAllThreads done

Events (20 events):
Event: 0.042 Thread 0x000001a770920690 Thread added: 0x000001a770920690
Event: 0.042 Thread 0x000001a770921de0 Thread added: 0x000001a770921de0
Event: 0.042 Thread 0x000001a77092da20 Thread added: 0x000001a77092da20
Event: 0.042 Thread 0x000001a770932820 Thread added: 0x000001a770932820
Event: 0.042 Thread 0x000001a77093b9d0 Thread added: 0x000001a77093b9d0
Event: 0.067 Thread 0x000001a774c43230 Thread added: 0x000001a774c43230
Event: 0.079 Loaded shared library C:\Program Files\Java\jdk-18.0.2.1\bin\net.dll
Event: 0.082 Loaded shared library C:\Program Files\Java\jdk-18.0.2.1\bin\nio.dll
Event: 0.098 Thread 0x000001a774d09560 Thread added: 0x000001a774d09560
Event: 0.105 Thread 0x000001a774da67d0 Thread added: 0x000001a774da67d0
Event: 0.110 Loaded shared library C:\Program Files\Java\jdk-18.0.2.1\bin\zip.dll
Event: 0.127 Loaded shared library C:\Program Files\Java\jdk-18.0.2.1\bin\jimage.dll
Event: 0.144 Loaded shared library C:\Program Files\Java\jdk-18.0.2.1\bin\awt.dll
Event: 0.209 Thread 0x000001a774ef2ae0 Thread added: 0x000001a774ef2ae0
Event: 0.210 Thread 0x000001a774efda70 Thread added: 0x000001a774efda70
Event: 0.211 Thread 0x000001a774f05a10 Thread added: 0x000001a774f05a10
Event: 0.327 Loaded shared library C:\Program Files\Java\jdk-18.0.2.1\bin\verify.dll
Event: 0.429 Loaded shared library C:\Program Files\Java\jdk-18.0.2.1\bin\freetype.dll
Event: 0.432 Loaded shared library C:\Program Files\Java\jdk-18.0.2.1\bin\fontmanager.dll
Event: 0.470 Thread 0x000001a775b33f30 Thread added: 0x000001a775b33f30


Dynamic libraries:
0x00007ff6a7150000 - 0x00007ff6a7160000 	C:\Program Files\Java\jdk-18.0.2.1\bin\java.exe
0x00007ff96a190000 - 0x00007ff96a3a4000 	C:\WINDOWS\SYSTEM32\ntdll.dll
0x00007ff958f00000 - 0x00007ff958f19000 	C:\Program Files\Avast Software\Avast\aswhook.dll
0x00007ff9682b0000 - 0x00007ff968374000 	C:\WINDOWS\System32\KERNEL32.DLL
0x00007ff967660000 - 0x00007ff967a04000 	C:\WINDOWS\System32\KERNELBASE.dll
0x00007ff967540000 - 0x00007ff967651000 	C:\WINDOWS\System32\ucrtbase.dll
0x00007ff957120000 - 0x00007ff957138000 	C:\Program Files\Java\jdk-18.0.2.1\bin\jli.dll
0x00007ff962520000 - 0x00007ff96253a000 	C:\Program Files\Java\jdk-18.0.2.1\bin\VCRUNTIME140.dll
0x00007ff969c80000 - 0x00007ff969d30000 	C:\WINDOWS\System32\ADVAPI32.dll
0x00007ff969710000 - 0x00007ff9697b7000 	C:\WINDOWS\System32\msvcrt.dll
0x00007ff969f60000 - 0x00007ff96a006000 	C:\WINDOWS\System32\sechost.dll
0x00007ff96a030000 - 0x00007ff96a147000 	C:\WINDOWS\System32\RPCRT4.dll
0x00007ff969530000 - 0x00007ff9696de000 	C:\WINDOWS\System32\USER32.dll
0x00007ff967ef0000 - 0x00007ff967f16000 	C:\WINDOWS\System32\win32u.dll
0x00007ff9696e0000 - 0x00007ff969709000 	C:\WINDOWS\System32\GDI32.dll
0x00007ff967cc0000 - 0x00007ff967dd8000 	C:\WINDOWS\System32\gdi32full.dll
0x00007ff9498b0000 - 0x00007ff949b43000 	C:\WINDOWS\WinSxS\amd64_microsoft.windows.common-controls_6595b64144ccf1df_6.0.22621.2215_none_270d72677387dfc3\COMCTL32.dll
0x00007ff967de0000 - 0x00007ff967e7a000 	C:\WINDOWS\System32\msvcp_win.dll
0x00007ff95bc00000 - 0x00007ff95bc0a000 	C:\WINDOWS\SYSTEM32\VERSION.dll
0x00007ff9697c0000 - 0x00007ff9697f1000 	C:\WINDOWS\System32\IMM32.DLL
0x00007ff9641f0000 - 0x00007ff9641fc000 	C:\Program Files\Java\jdk-18.0.2.1\bin\vcruntime140_1.dll
0x00007ff946610000 - 0x00007ff94669d000 	C:\Program Files\Java\jdk-18.0.2.1\bin\msvcp140.dll
0x00007ff915660000 - 0x00007ff916271000 	C:\Program Files\Java\jdk-18.0.2.1\bin\server\jvm.dll
0x00007ff9689f0000 - 0x00007ff9689f8000 	C:\WINDOWS\System32\PSAPI.DLL
0x00007ff95cc90000 - 0x00007ff95ccc4000 	C:\WINDOWS\SYSTEM32\WINMM.dll
0x00007ff945900000 - 0x00007ff945909000 	C:\WINDOWS\SYSTEM32\WSOCK32.dll
0x00007ff968b50000 - 0x00007ff968bc1000 	C:\WINDOWS\System32\WS2_32.dll
0x00007ff966680000 - 0x00007ff966698000 	C:\WINDOWS\SYSTEM32\kernel.appcore.dll
0x00007ff962510000 - 0x00007ff96251a000 	C:\Program Files\Java\jdk-18.0.2.1\bin\jimage.dll
0x00007ff962630000 - 0x00007ff96285e000 	C:\WINDOWS\SYSTEM32\DBGHELP.DLL
0x00007ff967f20000 - 0x00007ff9682aa000 	C:\WINDOWS\System32\combase.dll
0x00007ff968380000 - 0x00007ff968457000 	C:\WINDOWS\System32\OLEAUT32.dll
0x00007ff94d570000 - 0x00007ff94d5a2000 	C:\WINDOWS\SYSTEM32\dbgcore.DLL
0x00007ff967c40000 - 0x00007ff967cba000 	C:\WINDOWS\System32\bcryptPrimitives.dll
0x00007ff9604c0000 - 0x00007ff9604e5000 	C:\Program Files\Java\jdk-18.0.2.1\bin\java.dll
0x00007ff91e8f0000 - 0x00007ff91e9c6000 	C:\Program Files\Java\jdk-18.0.2.1\bin\jsvml.dll
0x00007ff968ce0000 - 0x00007ff969503000 	C:\WINDOWS\System32\SHELL32.dll
0x00007ff9654d0000 - 0x00007ff965dba000 	C:\WINDOWS\SYSTEM32\windows.storage.dll
0x00007ff965390000 - 0x00007ff9654ce000 	C:\WINDOWS\SYSTEM32\wintypes.dll
0x00007ff968bd0000 - 0x00007ff968cc3000 	C:\WINDOWS\System32\SHCORE.dll
0x00007ff969eb0000 - 0x00007ff969f0e000 	C:\WINDOWS\System32\shlwapi.dll
0x00007ff967470000 - 0x00007ff967496000 	C:\WINDOWS\SYSTEM32\profapi.dll
0x00007ff956fb0000 - 0x00007ff956fc3000 	C:\Program Files\Java\jdk-18.0.2.1\bin\net.dll
0x00007ff960060000 - 0x00007ff960197000 	C:\WINDOWS\SYSTEM32\WINHTTP.dll
0x00007ff966b00000 - 0x00007ff966b69000 	C:\WINDOWS\system32\mswsock.dll
0x00007ff94cef0000 - 0x00007ff94cf06000 	C:\Program Files\Java\jdk-18.0.2.1\bin\nio.dll
0x00007ff94c630000 - 0x00007ff94c648000 	C:\Program Files\Java\jdk-18.0.2.1\bin\zip.dll
0x00007ff91e760000 - 0x00007ff91e8ef000 	C:\Program Files\Java\jdk-18.0.2.1\bin\awt.dll
0x00007ff9649a0000 - 0x00007ff964a37000 	C:\WINDOWS\SYSTEM32\apphelp.dll
0x00007ff964c90000 - 0x00007ff964cbb000 	C:\WINDOWS\system32\DWMAPI.DLL
0x00007ff964a60000 - 0x00007ff964b0b000 	C:\WINDOWS\system32\uxtheme.dll
0x00007ff927560000 - 0x00007ff927660000 	C:\WINDOWS\system32\opengl32.dll
0x00007ff92bbb0000 - 0x00007ff92bbdd000 	C:\WINDOWS\SYSTEM32\GLU32.dll
0x00007ff964b40000 - 0x00007ff964b78000 	C:\WINDOWS\SYSTEM32\dxcore.dll
0x00007ff968a00000 - 0x00007ff968b49000 	C:\WINDOWS\System32\MSCTF.dll
0x00007ff968730000 - 0x00007ff9688ce000 	C:\WINDOWS\System32\ole32.dll
0x00007ff9624d0000 - 0x00007ff9624e0000 	C:\Program Files\Java\jdk-18.0.2.1\bin\verify.dll
0x00007ff92baf0000 - 0x00007ff92bb76000 	C:\Program Files\Java\jdk-18.0.2.1\bin\freetype.dll
0x00007ff91e6b0000 - 0x00007ff91e758000 	C:\Program Files\Java\jdk-18.0.2.1\bin\fontmanager.dll

dbghelp: loaded successfully - version: 4.0.5 - missing functions: none
symbol engine: initialized successfully - sym options: 0x614 - pdb path: .;C:\Program Files\Java\jdk-18.0.2.1\bin;C:\WINDOWS\SYSTEM32;C:\Program Files\Avast Software\Avast;C:\WINDOWS\WinSxS\amd64_microsoft.windows.common-controls_6595b64144ccf1df_6.0.22621.2215_none_270d72677387dfc3;C:\Program Files\Java\jdk-18.0.2.1\bin\server

VM Arguments:
jvm_args: -Dfile.encoding=UTF-8 --module-path=C:\Users\ragha\OneDrive\Documents\NetBeansProjects\EmployeeManagementSystem\build\classes 
java_command: employeemanagementsystem.Add
java_class_path (initial): C:\Users\ragha\Downloads\mysql-connector-java-8.0.28.jar;C:\Users\ragha\Downloads\jcalendar-tz-1.3.3-4.jar;C:\Users\ragha\OneDrive\Documents\NetBeansProjects\EmployeeManagementSystem\build\classes
Launcher Type: SUN_STANDARD

[Global flags]
     intx CICompilerCount                          = 4                                         {product} {ergonomic}
     uint ConcGCThreads                            = 2                                         {product} {ergonomic}
     uint G1ConcRefinementThreads                  = 8                                         {product} {ergonomic}
   size_t G1HeapRegionSize                         = 1048576                                   {product} {ergonomic}
    uintx GCDrainStackTargetSize                   = 64                                        {product} {ergonomic}
   size_t InitialHeapSize                          = 130023424                                 {product} {ergonomic}
   size_t MarkStackSize                            = 4194304                                   {product} {ergonomic}
   size_t MaxHeapSize                              = 2055208960                                {product} {ergonomic}
   size_t MaxNewSize                               = 1233125376                                {product} {ergonomic}
   size_t MinHeapDeltaBytes                        = 1048576                                   {product} {ergonomic}
   size_t MinHeapSize                              = 8388608                                   {product} {ergonomic}
    uintx NonNMethodCodeHeapSize                   = 5839372                                {pd product} {ergonomic}
    uintx NonProfiledCodeHeapSize                  = 122909434                              {pd product} {ergonomic}
    uintx ProfiledCodeHeapSize                     = 122909434                              {pd product} {ergonomic}
    uintx ReservedCodeCacheSize                    = 251658240                              {pd product} {ergonomic}
     bool SegmentedCodeCache                       = true                                      {product} {ergonomic}
   size_t SoftMaxHeapSize                          = 2055208960                             {manageable} {ergonomic}
     bool UseCompressedClassPointers               = true                           {product lp64_product} {ergonomic}
     bool UseCompressedOops                        = true                           {product lp64_product} {ergonomic}
     bool UseG1GC                                  = true                                      {product} {ergonomic}
     bool UseLargePagesIndividualAllocation        = false                                  {pd product} {ergonomic}

Logging:
Log output configuration:
 #0: stdout all=warning uptime,level,tags foldmultilines=false
 #1: stderr all=off uptime,level,tags foldmultilines=false

Environment Variables:
JAVA_HOME=C:\Program Files\Java\jdk-18.0.2.1
PATH=C:\ProgramData\Oracle\Java\javapath;C:\Program Files\Common Files\Oracle\Java\javapath;C:\Program Files (x86)\Common Files\Oracle\Java\javapath;C:\Program Files (x86)\VMware\VMware Player\bin\;C:\oracle\product\10.2.0\db_1\bin;C:\WINDOWS\system32;C:\WINDOWS;C:\WINDOWS\System32\Wbem;C:\WINDOWS\System32\WindowsPowerShell\v1.0\;C:\WINDOWS\System32\OpenSSH\;C:\Program Files\Java\jdk-18.0.2.1\bin;C:\Program Files\Git\cmd;;C:\Users\ragha\AppData\Local\Programs\Microsoft VS Code\bin;C:\Users\ragha\AppData\Local\Microsoft\WindowsApps
USERNAME=ragha
OS=Windows_NT
PROCESSOR_IDENTIFIER=Intel64 Family 6 Model 140 Stepping 2, GenuineIntel



---------------  S Y S T E M  ---------------

OS:
 Windows 11 , 64 bit Build 22621 (10.0.22621.2215)
OS uptime: 1 days 0:45 hours

CPU: total 8 (initial active 8) (4 cores per cpu, 2 threads per core) family 6 model 140 stepping 2 microcode 0x2a, cx8, cmov, fxsr, ht, mmx, 3dnowpref, sse, sse2, sse3, ssse3, sse4.1, sse4.2, popcnt, lzcnt, tsc, tscinvbit, avx, avx2, aes, erms, clmul, bmi1, bmi2, adx, avx512f, avx512dq, avx512cd, avx512bw, avx512vl, sha, fma, vzeroupper, avx512_vpopcntdq, avx512_vpclmulqdq, avx512_vaes, avx512_vnni, clflush, clflushopt, clwb, avx512_vbmi2, avx512_vbmi

Memory: 4k page, system-wide physical 7834M (464M free)
TotalPageFile size 31386M (AvailPageFile size 2M)
current process WorkingSet (physical memory assigned to process): 59M, peak: 59M
current process commit charge ("private bytes"): 220M, peak: 220M

vm_info: Java HotSpot(TM) 64-Bit Server VM (18.0.2.1+1-1) for windows-amd64 JRE (18.0.2.1+1-1), built on Aug 16 2022 01:46:33 by "mach5one" with MS VC++ 16.8 / 16.9 (VS2019)

END.
