#
# There is insufficient memory for the Java Runtime Environment to continue.
# Native memory allocation (malloc) failed to allocate 779696 bytes for Chunk::new
# Possible reasons:
#   The system is out of physical RAM or swap space
#   The process is running with CompressedOops enabled, and the Java Heap may be blocking the growth of the native heap
# Possible solutions:
#   Reduce memory load on the system
#   Increase physical memory or swap space
#   Check if swap backing store is full
#   Decrease Java heap size (-Xmx/-Xms)
#   Decrease number of Java threads
#   Decrease Java thread stack sizes (-Xss)
#   Set larger code cache with -XX:ReservedCodeCacheSize=
#   JVM is running with Unscaled Compressed Oops mode in which the Java heap is
#     placed in the first 4GB address space. The Java Heap base address is the
#     maximum limit for the native heap growth. Please use -XX:HeapBaseMinAddress
#     to set the Java Heap base and to place the Java Heap above 4GB virtual address.
# This output file may be truncated or incomplete.
#
#  Out of Memory Error (arena.cpp:184), pid=28076, tid=24444
#
# JRE version: Java(TM) SE Runtime Environment (18.0.2.1+1) (build 18.0.2.1+1-1)
# Java VM: Java HotSpot(TM) 64-Bit Server VM (18.0.2.1+1-1, mixed mode, sharing, tiered, compressed oops, compressed class ptrs, g1 gc, windows-amd64)
# No core dump will be written. Minidumps are not enabled by default on client versions of Windows
#

---------------  S U M M A R Y ------------

Command Line: -Dfile.encoding=UTF-8 --module-path=C:\Users\ragha\OneDrive\Documents\NetBeansProjects\EmployeeManagementSystem\build\classes employeemanagementsystem.Add

Host: 11th Gen Intel(R) Core(TM) i5-1155G7 @ 2.50GHz, 8 cores, 7G,  Windows 11 , 64 bit Build 22621 (10.0.22621.2215)
Time: Sun Oct  1 17:39:59 2023 India Standard Time elapsed time: 1.202234 seconds (0d 0h 0m 1s)

---------------  T H R E A D  ---------------

Current thread (0x000001d235206cc0):  JavaThread "C2 CompilerThread0" daemon [_thread_in_native, id=24444, stack(0x0000000990300000,0x0000000990400000)]


Current CompileTask:
C2:   1202 1367   !   4       sun.font.TrueTypeFont::getTableBuffer (215 bytes)

Stack: [0x0000000990300000,0x0000000990400000]
Native frames: (J=compiled Java code, j=interpreted, Vv=VM code, C=native code)
V  [jvm.dll+0x6993aa]
V  [jvm.dll+0x7f46dd]
V  [jvm.dll+0x7f5fee]
V  [jvm.dll+0x7f66a3]
V  [jvm.dll+0x25cf1f]
V  [jvm.dll+0xb8c2f]
V  [jvm.dll+0xb8fa5]
V  [jvm.dll+0x3860cb]
V  [jvm.dll+0x34fe71]
V  [jvm.dll+0x34f30a]
V  [jvm.dll+0x230101]
V  [jvm.dll+0x22f4d1]
V  [jvm.dll+0x1ba01c]
V  [jvm.dll+0x23ee0a]
V  [jvm.dll+0x23d0f5]
V  [jvm.dll+0x7a6dd1]
V  [jvm.dll+0x7a120a]
V  [jvm.dll+0x698255]
C  [ucrtbase.dll+0x29363]
C  [KERNEL32.DLL+0x1257d]
C  [ntdll.dll+0x5aa68]


---------------  P R O C E S S  ---------------

Threads class SMR info:
_java_thread_list=0x000001d23a74c520, length=18, elements={
0x000001d2351deb00, 0x000001d2351e2ad0, 0x000001d2351fbde0, 0x000001d2351fc780,
0x000001d2351ff130, 0x000001d235202fd0, 0x000001d235206cc0, 0x000001d2352116c0,
0x000001d23521a870, 0x000001d239486610, 0x000001d239537650, 0x000001d2396a31c0,
0x000001d2396a3680, 0x000001d2396a3f40, 0x000001d23a3eb270, 0x000001d23a771320,
0x000001d2172c40b0, 0x000001d23a763a70
}

Java Threads: ( => current thread )
  0x000001d2351deb00 JavaThread "Reference Handler" daemon [_thread_blocked, id=33332, stack(0x000000098fd00000,0x000000098fe00000)]
  0x000001d2351e2ad0 JavaThread "Finalizer" daemon [_thread_blocked, id=18884, stack(0x000000098fe00000,0x000000098ff00000)]
  0x000001d2351fbde0 JavaThread "Signal Dispatcher" daemon [_thread_blocked, id=33592, stack(0x000000098ff00000,0x0000000990000000)]
  0x000001d2351fc780 JavaThread "Attach Listener" daemon [_thread_blocked, id=3760, stack(0x0000000990000000,0x0000000990100000)]
  0x000001d2351ff130 JavaThread "Service Thread" daemon [_thread_blocked, id=17452, stack(0x0000000990100000,0x0000000990200000)]
  0x000001d235202fd0 JavaThread "Monitor Deflation Thread" daemon [_thread_blocked, id=30168, stack(0x0000000990200000,0x0000000990300000)]
=>0x000001d235206cc0 JavaThread "C2 CompilerThread0" daemon [_thread_in_native, id=24444, stack(0x0000000990300000,0x0000000990400000)]
  0x000001d2352116c0 JavaThread "C1 CompilerThread0" daemon [_thread_blocked, id=22044, stack(0x0000000990400000,0x0000000990500000)]
  0x000001d23521a870 JavaThread "Sweeper thread" daemon [_thread_blocked, id=19084, stack(0x0000000990500000,0x0000000990600000)]
  0x000001d239486610 JavaThread "Common-Cleaner" daemon [_thread_blocked, id=32684, stack(0x0000000990600000,0x0000000990700000)]
  0x000001d239537650 JavaThread "Notification Thread" daemon [_thread_blocked, id=21148, stack(0x0000000990700000,0x0000000990800000)]
  0x000001d2396a31c0 JavaThread "Java2D Disposer" daemon [_thread_blocked, id=27668, stack(0x0000000990a00000,0x0000000990b00000)]
  0x000001d2396a3680 JavaThread "AWT-Shutdown" [_thread_blocked, id=33636, stack(0x0000000990b00000,0x0000000990c00000)]
  0x000001d2396a3f40 JavaThread "AWT-Windows" daemon [_thread_in_native, id=33712, stack(0x0000000990c00000,0x0000000990d00000)]
  0x000001d23a3eb270 JavaThread "AWT-EventQueue-0" [_thread_in_native, id=33656, stack(0x0000000990d00000,0x0000000990e00000)]
  0x000001d23a771320 JavaThread "Image Fetcher 0" daemon [_thread_blocked, id=32304, stack(0x0000000990e00000,0x0000000990f00000)]
  0x000001d2172c40b0 JavaThread "DestroyJavaVM" [_thread_blocked, id=23080, stack(0x000000098f600000,0x000000098f700000)]
  0x000001d23a763a70 JavaThread "C2 CompilerThread1" daemon [_thread_blocked, id=33756, stack(0x0000000990900000,0x0000000990a00000)]

Other Threads:
  0x000001d21734a5e0 VMThread "VM Thread" [stack: 0x000000098fc00000,0x000000098fd00000] [id=31992]
  0x000001d239541b10 WatcherThread "VM Periodic Task Thread" [stack: 0x0000000990800000,0x0000000990900000] [id=33652]
  0x000001d217321d30 WorkerThread "GC Thread#0" [stack: 0x000000098f700000,0x000000098f800000] [id=14736]
  0x000001d217332160 ConcurrentGCThread "G1 Main Marker" [stack: 0x000000098f800000,0x000000098f900000] [id=32932]
  0x000001d2173332f0 WorkerThread "G1 Conc#0" [stack: 0x000000098f900000,0x000000098fa00000] [id=14480]
  0x000001d2350960b0 ConcurrentGCThread "G1 Refine#0" [stack: 0x000000098fa00000,0x000000098fb00000] [id=14064]
  0x000001d2350969c0 ConcurrentGCThread "G1 Service" [stack: 0x000000098fb00000,0x000000098fc00000] [id=16888]

Threads with active compile tasks:
C2 CompilerThread0     1247 1367   !   4       sun.font.TrueTypeFont::getTableBuffer (215 bytes)

VM state: not at safepoint (normal execution)

VM Mutex/Monitor currently owned by a thread: None

Heap address: 0x0000000085800000, size: 1960 MB, Compressed Oops mode: 32-bit

CDS archive(s) mapped at: [0x0000000800000000-0x0000000800ba0000-0x0000000800ba0000), size 12189696, SharedBaseAddress: 0x0000000800000000, ArchiveRelocationMode: 0.
Compressed class space mapped at: 0x0000000800c00000-0x0000000840c00000, reserved size: 1073741824
Narrow klass base: 0x0000000800000000, Narrow klass shift: 0, Narrow klass range: 0x100000000

GC Precious Log:
 CardTable entry size: 512
 Card Set container configuration: InlinePtr #cards 5 size 8 Array Of Cards #cards 12 size 40 Howl #buckets 4 coarsen threshold 1843 Howl Bitmap #cards 512 size 80 coarsen threshold 460 Card regions per heap region 1 cards per card region 2048
 CPUs: 8 total, 8 available
 Memory: 7834M
 Large Page Support: Disabled
 NUMA Support: Disabled
 Compressed Oops: Enabled (32-bit)
 Heap Region Size: 1M
 Heap Min Capacity: 8M
 Heap Initial Capacity: 124M
 Heap Max Capacity: 1960M
 Pre-touch: Disabled
 Parallel Workers: 8
 Concurrent Workers: 2
 Concurrent Refinement Workers: 8
 Periodic GC: Disabled

Heap:
 garbage-first heap   total 126976K, used 22528K [0x0000000085800000, 0x0000000100000000)
  region size 1024K, 19 young (19456K), 0 survivors (0K)
 Metaspace       used 9670K, committed 9856K, reserved 1114112K
  class space    used 1166K, committed 1280K, reserved 1048576K

Heap Regions: E=young(eden), S=young(survivor), O=old, HS=humongous(starts), HC=humongous(continues), CS=collection set, F=free, OA=open archive, CA=closed archive, TAMS=top-at-mark-start (previous, next)
|   0|0x0000000085800000, 0x0000000085900000, 0x0000000085900000|100%|HS|  |TAMS 0x0000000085800000, 0x0000000085800000| Complete 
|   1|0x0000000085900000, 0x0000000085a00000, 0x0000000085a00000|100%|HC|  |TAMS 0x0000000085900000, 0x0000000085900000| Complete 
|   2|0x0000000085a00000, 0x0000000085b00000, 0x0000000085b00000|100%|HC|  |TAMS 0x0000000085a00000, 0x0000000085a00000| Complete 
|   3|0x0000000085b00000, 0x0000000085c00000, 0x0000000085c00000|100%|HC|  |TAMS 0x0000000085b00000, 0x0000000085b00000| Complete 
|   4|0x0000000085c00000, 0x0000000085c00000, 0x0000000085d00000|  0%| F|  |TAMS 0x0000000085c00000, 0x0000000085c00000| Untracked 
|   5|0x0000000085d00000, 0x0000000085d00000, 0x0000000085e00000|  0%| F|  |TAMS 0x0000000085d00000, 0x0000000085d00000| Untracked 
|   6|0x0000000085e00000, 0x0000000085e00000, 0x0000000085f00000|  0%| F|  |TAMS 0x0000000085e00000, 0x0000000085e00000| Untracked 
|   7|0x0000000085f00000, 0x0000000085f00000, 0x0000000086000000|  0%| F|  |TAMS 0x0000000085f00000, 0x0000000085f00000| Untracked 
|   8|0x0000000086000000, 0x0000000086000000, 0x0000000086100000|  0%| F|  |TAMS 0x0000000086000000, 0x0000000086000000| Untracked 
|   9|0x0000000086100000, 0x0000000086100000, 0x0000000086200000|  0%| F|  |TAMS 0x0000000086100000, 0x0000000086100000| Untracked 
|  10|0x0000000086200000, 0x0000000086200000, 0x0000000086300000|  0%| F|  |TAMS 0x0000000086200000, 0x0000000086200000| Untracked 
|  11|0x0000000086300000, 0x0000000086300000, 0x0000000086400000|  0%| F|  |TAMS 0x0000000086300000, 0x0000000086300000| Untracked 
|  12|0x0000000086400000, 0x0000000086400000, 0x0000000086500000|  0%| F|  |TAMS 0x0000000086400000, 0x0000000086400000| Untracked 
|  13|0x0000000086500000, 0x0000000086500000, 0x0000000086600000|  0%| F|  |TAMS 0x0000000086500000, 0x0000000086500000| Untracked 
|  14|0x0000000086600000, 0x0000000086600000, 0x0000000086700000|  0%| F|  |TAMS 0x0000000086600000, 0x0000000086600000| Untracked 
|  15|0x0000000086700000, 0x0000000086700000, 0x0000000086800000|  0%| F|  |TAMS 0x0000000086700000, 0x0000000086700000| Untracked 
|  16|0x0000000086800000, 0x0000000086800000, 0x0000000086900000|  0%| F|  |TAMS 0x0000000086800000, 0x0000000086800000| Untracked 
|  17|0x0000000086900000, 0x0000000086900000, 0x0000000086a00000|  0%| F|  |TAMS 0x0000000086900000, 0x0000000086900000| Untracked 
|  18|0x0000000086a00000, 0x0000000086a00000, 0x0000000086b00000|  0%| F|  |TAMS 0x0000000086a00000, 0x0000000086a00000| Untracked 
|  19|0x0000000086b00000, 0x0000000086b00000, 0x0000000086c00000|  0%| F|  |TAMS 0x0000000086b00000, 0x0000000086b00000| Untracked 
|  20|0x0000000086c00000, 0x0000000086c00000, 0x0000000086d00000|  0%| F|  |TAMS 0x0000000086c00000, 0x0000000086c00000| Untracked 
|  21|0x0000000086d00000, 0x0000000086d00000, 0x0000000086e00000|  0%| F|  |TAMS 0x0000000086d00000, 0x0000000086d00000| Untracked 
|  22|0x0000000086e00000, 0x0000000086e00000, 0x0000000086f00000|  0%| F|  |TAMS 0x0000000086e00000, 0x0000000086e00000| Untracked 
|  23|0x0000000086f00000, 0x0000000086f00000, 0x0000000087000000|  0%| F|  |TAMS 0x0000000086f00000, 0x0000000086f00000| Untracked 
|  24|0x0000000087000000, 0x0000000087000000, 0x0000000087100000|  0%| F|  |TAMS 0x0000000087000000, 0x0000000087000000| Untracked 
|  25|0x0000000087100000, 0x0000000087100000, 0x0000000087200000|  0%| F|  |TAMS 0x0000000087100000, 0x0000000087100000| Untracked 
|  26|0x0000000087200000, 0x0000000087200000, 0x0000000087300000|  0%| F|  |TAMS 0x0000000087200000, 0x0000000087200000| Untracked 
|  27|0x0000000087300000, 0x0000000087300000, 0x0000000087400000|  0%| F|  |TAMS 0x0000000087300000, 0x0000000087300000| Untracked 
|  28|0x0000000087400000, 0x0000000087400000, 0x0000000087500000|  0%| F|  |TAMS 0x0000000087400000, 0x0000000087400000| Untracked 
|  29|0x0000000087500000, 0x0000000087500000, 0x0000000087600000|  0%| F|  |TAMS 0x0000000087500000, 0x0000000087500000| Untracked 
|  30|0x0000000087600000, 0x0000000087600000, 0x0000000087700000|  0%| F|  |TAMS 0x0000000087600000, 0x0000000087600000| Untracked 
|  31|0x0000000087700000, 0x0000000087700000, 0x0000000087800000|  0%| F|  |TAMS 0x0000000087700000, 0x0000000087700000| Untracked 
|  32|0x0000000087800000, 0x0000000087800000, 0x0000000087900000|  0%| F|  |TAMS 0x0000000087800000, 0x0000000087800000| Untracked 
|  33|0x0000000087900000, 0x0000000087900000, 0x0000000087a00000|  0%| F|  |TAMS 0x0000000087900000, 0x0000000087900000| Untracked 
|  34|0x0000000087a00000, 0x0000000087a00000, 0x0000000087b00000|  0%| F|  |TAMS 0x0000000087a00000, 0x0000000087a00000| Untracked 
|  35|0x0000000087b00000, 0x0000000087b00000, 0x0000000087c00000|  0%| F|  |TAMS 0x0000000087b00000, 0x0000000087b00000| Untracked 
|  36|0x0000000087c00000, 0x0000000087c00000, 0x0000000087d00000|  0%| F|  |TAMS 0x0000000087c00000, 0x0000000087c00000| Untracked 
|  37|0x0000000087d00000, 0x0000000087d00000, 0x0000000087e00000|  0%| F|  |TAMS 0x0000000087d00000, 0x0000000087d00000| Untracked 
|  38|0x0000000087e00000, 0x0000000087e00000, 0x0000000087f00000|  0%| F|  |TAMS 0x0000000087e00000, 0x0000000087e00000| Untracked 
|  39|0x0000000087f00000, 0x0000000087f00000, 0x0000000088000000|  0%| F|  |TAMS 0x0000000087f00000, 0x0000000087f00000| Untracked 
|  40|0x0000000088000000, 0x0000000088000000, 0x0000000088100000|  0%| F|  |TAMS 0x0000000088000000, 0x0000000088000000| Untracked 
|  41|0x0000000088100000, 0x0000000088100000, 0x0000000088200000|  0%| F|  |TAMS 0x0000000088100000, 0x0000000088100000| Untracked 
|  42|0x0000000088200000, 0x0000000088200000, 0x0000000088300000|  0%| F|  |TAMS 0x0000000088200000, 0x0000000088200000| Untracked 
|  43|0x0000000088300000, 0x0000000088300000, 0x0000000088400000|  0%| F|  |TAMS 0x0000000088300000, 0x0000000088300000| Untracked 
|  44|0x0000000088400000, 0x0000000088400000, 0x0000000088500000|  0%| F|  |TAMS 0x0000000088400000, 0x0000000088400000| Untracked 
|  45|0x0000000088500000, 0x0000000088500000, 0x0000000088600000|  0%| F|  |TAMS 0x0000000088500000, 0x0000000088500000| Untracked 
|  46|0x0000000088600000, 0x0000000088600000, 0x0000000088700000|  0%| F|  |TAMS 0x0000000088600000, 0x0000000088600000| Untracked 
|  47|0x0000000088700000, 0x0000000088700000, 0x0000000088800000|  0%| F|  |TAMS 0x0000000088700000, 0x0000000088700000| Untracked 
|  48|0x0000000088800000, 0x0000000088800000, 0x0000000088900000|  0%| F|  |TAMS 0x0000000088800000, 0x0000000088800000| Untracked 
|  49|0x0000000088900000, 0x0000000088900000, 0x0000000088a00000|  0%| F|  |TAMS 0x0000000088900000, 0x0000000088900000| Untracked 
|  50|0x0000000088a00000, 0x0000000088a00000, 0x0000000088b00000|  0%| F|  |TAMS 0x0000000088a00000, 0x0000000088a00000| Untracked 
|  51|0x0000000088b00000, 0x0000000088b00000, 0x0000000088c00000|  0%| F|  |TAMS 0x0000000088b00000, 0x0000000088b00000| Untracked 
|  52|0x0000000088c00000, 0x0000000088c00000, 0x0000000088d00000|  0%| F|  |TAMS 0x0000000088c00000, 0x0000000088c00000| Untracked 
|  53|0x0000000088d00000, 0x0000000088d00000, 0x0000000088e00000|  0%| F|  |TAMS 0x0000000088d00000, 0x0000000088d00000| Untracked 
|  54|0x0000000088e00000, 0x0000000088e00000, 0x0000000088f00000|  0%| F|  |TAMS 0x0000000088e00000, 0x0000000088e00000| Untracked 
|  55|0x0000000088f00000, 0x0000000088f00000, 0x0000000089000000|  0%| F|  |TAMS 0x0000000088f00000, 0x0000000088f00000| Untracked 
|  56|0x0000000089000000, 0x0000000089000000, 0x0000000089100000|  0%| F|  |TAMS 0x0000000089000000, 0x0000000089000000| Untracked 
|  57|0x0000000089100000, 0x0000000089100000, 0x0000000089200000|  0%| F|  |TAMS 0x0000000089100000, 0x0000000089100000| Untracked 
|  58|0x0000000089200000, 0x0000000089200000, 0x0000000089300000|  0%| F|  |TAMS 0x0000000089200000, 0x0000000089200000| Untracked 
|  59|0x0000000089300000, 0x0000000089300000, 0x0000000089400000|  0%| F|  |TAMS 0x0000000089300000, 0x0000000089300000| Untracked 
|  60|0x0000000089400000, 0x0000000089400000, 0x0000000089500000|  0%| F|  |TAMS 0x0000000089400000, 0x0000000089400000| Untracked 
|  61|0x0000000089500000, 0x0000000089500000, 0x0000000089600000|  0%| F|  |TAMS 0x0000000089500000, 0x0000000089500000| Untracked 
|  62|0x0000000089600000, 0x0000000089600000, 0x0000000089700000|  0%| F|  |TAMS 0x0000000089600000, 0x0000000089600000| Untracked 
|  63|0x0000000089700000, 0x0000000089700000, 0x0000000089800000|  0%| F|  |TAMS 0x0000000089700000, 0x0000000089700000| Untracked 
|  64|0x0000000089800000, 0x0000000089800000, 0x0000000089900000|  0%| F|  |TAMS 0x0000000089800000, 0x0000000089800000| Untracked 
|  65|0x0000000089900000, 0x0000000089900000, 0x0000000089a00000|  0%| F|  |TAMS 0x0000000089900000, 0x0000000089900000| Untracked 
|  66|0x0000000089a00000, 0x0000000089a00000, 0x0000000089b00000|  0%| F|  |TAMS 0x0000000089a00000, 0x0000000089a00000| Untracked 
|  67|0x0000000089b00000, 0x0000000089b00000, 0x0000000089c00000|  0%| F|  |TAMS 0x0000000089b00000, 0x0000000089b00000| Untracked 
|  68|0x0000000089c00000, 0x0000000089c00000, 0x0000000089d00000|  0%| F|  |TAMS 0x0000000089c00000, 0x0000000089c00000| Untracked 
|  69|0x0000000089d00000, 0x0000000089d00000, 0x0000000089e00000|  0%| F|  |TAMS 0x0000000089d00000, 0x0000000089d00000| Untracked 
|  70|0x0000000089e00000, 0x0000000089e00000, 0x0000000089f00000|  0%| F|  |TAMS 0x0000000089e00000, 0x0000000089e00000| Untracked 
|  71|0x0000000089f00000, 0x0000000089f00000, 0x000000008a000000|  0%| F|  |TAMS 0x0000000089f00000, 0x0000000089f00000| Untracked 
|  72|0x000000008a000000, 0x000000008a000000, 0x000000008a100000|  0%| F|  |TAMS 0x000000008a000000, 0x000000008a000000| Untracked 
|  73|0x000000008a100000, 0x000000008a100000, 0x000000008a200000|  0%| F|  |TAMS 0x000000008a100000, 0x000000008a100000| Untracked 
|  74|0x000000008a200000, 0x000000008a200000, 0x000000008a300000|  0%| F|  |TAMS 0x000000008a200000, 0x000000008a200000| Untracked 
|  75|0x000000008a300000, 0x000000008a300000, 0x000000008a400000|  0%| F|  |TAMS 0x000000008a300000, 0x000000008a300000| Untracked 
|  76|0x000000008a400000, 0x000000008a400000, 0x000000008a500000|  0%| F|  |TAMS 0x000000008a400000, 0x000000008a400000| Untracked 
|  77|0x000000008a500000, 0x000000008a500000, 0x000000008a600000|  0%| F|  |TAMS 0x000000008a500000, 0x000000008a500000| Untracked 
|  78|0x000000008a600000, 0x000000008a600000, 0x000000008a700000|  0%| F|  |TAMS 0x000000008a600000, 0x000000008a600000| Untracked 
|  79|0x000000008a700000, 0x000000008a700000, 0x000000008a800000|  0%| F|  |TAMS 0x000000008a700000, 0x000000008a700000| Untracked 
|  80|0x000000008a800000, 0x000000008a800000, 0x000000008a900000|  0%| F|  |TAMS 0x000000008a800000, 0x000000008a800000| Untracked 
|  81|0x000000008a900000, 0x000000008a900000, 0x000000008aa00000|  0%| F|  |TAMS 0x000000008a900000, 0x000000008a900000| Untracked 
|  82|0x000000008aa00000, 0x000000008aa00000, 0x000000008ab00000|  0%| F|  |TAMS 0x000000008aa00000, 0x000000008aa00000| Untracked 
|  83|0x000000008ab00000, 0x000000008ab00000, 0x000000008ac00000|  0%| F|  |TAMS 0x000000008ab00000, 0x000000008ab00000| Untracked 
|  84|0x000000008ac00000, 0x000000008ac00000, 0x000000008ad00000|  0%| F|  |TAMS 0x000000008ac00000, 0x000000008ac00000| Untracked 
|  85|0x000000008ad00000, 0x000000008ad00000, 0x000000008ae00000|  0%| F|  |TAMS 0x000000008ad00000, 0x000000008ad00000| Untracked 
|  86|0x000000008ae00000, 0x000000008ae00000, 0x000000008af00000|  0%| F|  |TAMS 0x000000008ae00000, 0x000000008ae00000| Untracked 
|  87|0x000000008af00000, 0x000000008af00000, 0x000000008b000000|  0%| F|  |TAMS 0x000000008af00000, 0x000000008af00000| Untracked 
|  88|0x000000008b000000, 0x000000008b000000, 0x000000008b100000|  0%| F|  |TAMS 0x000000008b000000, 0x000000008b000000| Untracked 
|  89|0x000000008b100000, 0x000000008b100000, 0x000000008b200000|  0%| F|  |TAMS 0x000000008b100000, 0x000000008b100000| Untracked 
|  90|0x000000008b200000, 0x000000008b200000, 0x000000008b300000|  0%| F|  |TAMS 0x000000008b200000, 0x000000008b200000| Untracked 
|  91|0x000000008b300000, 0x000000008b300000, 0x000000008b400000|  0%| F|  |TAMS 0x000000008b300000, 0x000000008b300000| Untracked 
|  92|0x000000008b400000, 0x000000008b400000, 0x000000008b500000|  0%| F|  |TAMS 0x000000008b400000, 0x000000008b400000| Untracked 
|  93|0x000000008b500000, 0x000000008b500000, 0x000000008b600000|  0%| F|  |TAMS 0x000000008b500000, 0x000000008b500000| Untracked 
|  94|0x000000008b600000, 0x000000008b600000, 0x000000008b700000|  0%| F|  |TAMS 0x000000008b600000, 0x000000008b600000| Untracked 
|  95|0x000000008b700000, 0x000000008b700000, 0x000000008b800000|  0%| F|  |TAMS 0x000000008b700000, 0x000000008b700000| Untracked 
|  96|0x000000008b800000, 0x000000008b800000, 0x000000008b900000|  0%| F|  |TAMS 0x000000008b800000, 0x000000008b800000| Untracked 
|  97|0x000000008b900000, 0x000000008b900000, 0x000000008ba00000|  0%| F|  |TAMS 0x000000008b900000, 0x000000008b900000| Untracked 
|  98|0x000000008ba00000, 0x000000008ba00000, 0x000000008bb00000|  0%| F|  |TAMS 0x000000008ba00000, 0x000000008ba00000| Untracked 
|  99|0x000000008bb00000, 0x000000008bb00000, 0x000000008bc00000|  0%| F|  |TAMS 0x000000008bb00000, 0x000000008bb00000| Untracked 
| 100|0x000000008bc00000, 0x000000008bc00000, 0x000000008bd00000|  0%| F|  |TAMS 0x000000008bc00000, 0x000000008bc00000| Untracked 
| 101|0x000000008bd00000, 0x000000008bd00000, 0x000000008be00000|  0%| F|  |TAMS 0x000000008bd00000, 0x000000008bd00000| Untracked 
| 102|0x000000008be00000, 0x000000008be00000, 0x000000008bf00000|  0%| F|  |TAMS 0x000000008be00000, 0x000000008be00000| Untracked 
| 103|0x000000008bf00000, 0x000000008bf00000, 0x000000008c000000|  0%| F|  |TAMS 0x000000008bf00000, 0x000000008bf00000| Untracked 
| 104|0x000000008c000000, 0x000000008c000000, 0x000000008c100000|  0%| F|  |TAMS 0x000000008c000000, 0x000000008c000000| Untracked 
| 105|0x000000008c100000, 0x000000008c177c90, 0x000000008c200000| 46%| E|  |TAMS 0x000000008c100000, 0x000000008c100000| Complete 
| 106|0x000000008c200000, 0x000000008c300000, 0x000000008c300000|100%| E|CS|TAMS 0x000000008c200000, 0x000000008c200000| Complete 
| 107|0x000000008c300000, 0x000000008c400000, 0x000000008c400000|100%| E|CS|TAMS 0x000000008c300000, 0x000000008c300000| Complete 
| 108|0x000000008c400000, 0x000000008c500000, 0x000000008c500000|100%| E|CS|TAMS 0x000000008c400000, 0x000000008c400000| Complete 
| 109|0x000000008c500000, 0x000000008c600000, 0x000000008c600000|100%| E|CS|TAMS 0x000000008c500000, 0x000000008c500000| Complete 
| 110|0x000000008c600000, 0x000000008c700000, 0x000000008c700000|100%| E|CS|TAMS 0x000000008c600000, 0x000000008c600000| Complete 
| 111|0x000000008c700000, 0x000000008c800000, 0x000000008c800000|100%| E|CS|TAMS 0x000000008c700000, 0x000000008c700000| Complete 
| 112|0x000000008c800000, 0x000000008c900000, 0x000000008c900000|100%| E|CS|TAMS 0x000000008c800000, 0x000000008c800000| Complete 
| 113|0x000000008c900000, 0x000000008ca00000, 0x000000008ca00000|100%| E|CS|TAMS 0x000000008c900000, 0x000000008c900000| Complete 
| 114|0x000000008ca00000, 0x000000008cb00000, 0x000000008cb00000|100%| E|CS|TAMS 0x000000008ca00000, 0x000000008ca00000| Complete 
| 115|0x000000008cb00000, 0x000000008cc00000, 0x000000008cc00000|100%| E|CS|TAMS 0x000000008cb00000, 0x000000008cb00000| Complete 
| 116|0x000000008cc00000, 0x000000008cd00000, 0x000000008cd00000|100%| E|CS|TAMS 0x000000008cc00000, 0x000000008cc00000| Complete 
| 117|0x000000008cd00000, 0x000000008ce00000, 0x000000008ce00000|100%| E|CS|TAMS 0x000000008cd00000, 0x000000008cd00000| Complete 
| 118|0x000000008ce00000, 0x000000008cf00000, 0x000000008cf00000|100%| E|CS|TAMS 0x000000008ce00000, 0x000000008ce00000| Complete 
| 119|0x000000008cf00000, 0x000000008d000000, 0x000000008d000000|100%| E|CS|TAMS 0x000000008cf00000, 0x000000008cf00000| Complete 
| 120|0x000000008d000000, 0x000000008d100000, 0x000000008d100000|100%| E|CS|TAMS 0x000000008d000000, 0x000000008d000000| Complete 
| 121|0x000000008d100000, 0x000000008d200000, 0x000000008d200000|100%| E|CS|TAMS 0x000000008d100000, 0x000000008d100000| Complete 
| 122|0x000000008d200000, 0x000000008d300000, 0x000000008d300000|100%| E|CS|TAMS 0x000000008d200000, 0x000000008d200000| Complete 
| 123|0x000000008d300000, 0x000000008d400000, 0x000000008d400000|100%| E|CS|TAMS 0x000000008d300000, 0x000000008d300000| Complete 

Card table byte_map: [0x000001d22e310000,0x000001d22e6f0000] _byte_map_base: 0x000001d22dee4000

Marking Bits (Prev, Next): (CMBitMap*) 0x000001d217322330, (CMBitMap*) 0x000001d217322370
 Prev Bits: [0x000001d22ead0000, 0x000001d230970000)
 Next Bits: [0x000001d230970000, 0x000001d232810000)

Polling page: 0x000001d215210000

Metaspace:

Usage:
  Non-class:      8.30 MB used.
      Class:      1.14 MB used.
       Both:      9.44 MB used.

Virtual space:
  Non-class space:       64.00 MB reserved,       8.38 MB ( 13%) committed,  1 nodes.
      Class space:        1.00 GB reserved,       1.25 MB ( <1%) committed,  1 nodes.
             Both:        1.06 GB reserved,       9.62 MB ( <1%) committed. 

Chunk freelists:
   Non-Class:  3.00 MB
       Class:  2.72 MB
        Both:  5.72 MB

MaxMetaspaceSize: unlimited
CompressedClassSpaceSize: 1.00 GB
Initial GC threshold: 21.00 MB
Current GC threshold: 21.00 MB
CDS: on
MetaspaceReclaimPolicy: balanced
 - commit_granule_bytes: 65536.
 - commit_granule_words: 8192.
 - virtual_space_node_default_size: 8388608.
 - enlarge_chunks_in_place: 1.
 - new_chunks_are_fully_committed: 0.
 - uncommit_free_chunks: 1.
 - use_allocation_guard: 0.


Internal statistics:

num_allocs_failed_limit: 0.
num_arena_births: 126.
num_arena_deaths: 0.
num_vsnodes_births: 2.
num_vsnodes_deaths: 0.
num_space_committed: 154.
num_space_uncommitted: 0.
num_chunks_returned_to_freelist: 0.
num_chunks_taken_from_freelist: 193.
num_chunk_merges: 0.
num_chunk_splits: 110.
num_chunks_enlarged: 41.
num_inconsistent_stats: 0.

CodeHeap 'non-profiled nmethods': size=120000Kb used=413Kb max_used=413Kb free=119586Kb
 bounds [0x000001d2266c0000, 0x000001d226930000, 0x000001d22dbf0000]
CodeHeap 'profiled nmethods': size=120000Kb used=2301Kb max_used=2301Kb free=117698Kb
 bounds [0x000001d21f190000, 0x000001d21f400000, 0x000001d2266c0000]
CodeHeap 'non-nmethods': size=5760Kb used=1302Kb max_used=1319Kb free=4457Kb
 bounds [0x000001d21ebf0000, 0x000001d21ee60000, 0x000001d21f190000]
 total_blobs=2003 nmethods=1391 adapters=525
 compilation: enabled
              stopped_count=0, restarted_count=0
 full_count=0

Compilation events (20 events):
Event: 1.148 Thread 0x000001d2352116c0 nmethod 1369 0x000001d21f3c7910 code [0x000001d21f3c7c80, 0x000001d21f3c96f8]
Event: 1.149 Thread 0x000001d2352116c0 1372       3       java.util.HashMap::prepareArray (38 bytes)
Event: 1.149 Thread 0x000001d2352116c0 nmethod 1372 0x000001d21f3c9e90 code [0x000001d21f3ca080, 0x000001d21f3ca698]
Event: 1.149 Thread 0x000001d2352116c0 1373       3       java.util.HashSet::toArray (16 bytes)
Event: 1.150 Thread 0x000001d2352116c0 nmethod 1373 0x000001d21f3ca890 code [0x000001d21f3caa40, 0x000001d21f3cac58]
Event: 1.152 Thread 0x000001d2352116c0 1374       3       java.lang.StringUTF16::newBytesFor (61 bytes)
Event: 1.153 Thread 0x000001d2352116c0 nmethod 1374 0x000001d21f3cad10 code [0x000001d21f3caf80, 0x000001d21f3cb868]
Event: 1.155 Thread 0x000001d2352116c0 1375       3       sun.nio.ch.FileChannelImpl::open (16 bytes)
Event: 1.156 Thread 0x000001d2352116c0 nmethod 1375 0x000001d21f3cbb90 code [0x000001d21f3cbd40, 0x000001d21f3cbf08]
Event: 1.171 Thread 0x000001d2352116c0 1376       3       java.lang.Character::toLowerCase (9 bytes)
Event: 1.171 Thread 0x000001d2352116c0 nmethod 1376 0x000001d21f3cc010 code [0x000001d21f3cc1c0, 0x000001d21f3cc3b8]
Event: 1.177 Thread 0x000001d2352116c0 1377       3       sun.nio.ch.FileDispatcherImpl::size (5 bytes)
Event: 1.177 Thread 0x000001d2352116c0 nmethod 1377 0x000001d21f3cc490 code [0x000001d21f3cc620, 0x000001d21f3cc768]
Event: 1.190 Thread 0x000001d2352116c0 1379   !   3       sun.font.TrueTypeFont::getAllFullNames (30 bytes)
Event: 1.191 Thread 0x000001d2352116c0 nmethod 1379 0x000001d21f3cc810 code [0x000001d21f3cca20, 0x000001d21f3cd308]
Event: 1.191 Thread 0x000001d2352116c0 1381  s    3       sun.font.FontFamily::addLocaleNames (45 bytes)
Event: 1.192 Thread 0x000001d2352116c0 nmethod 1381 0x000001d21f3cd610 code [0x000001d21f3cd840, 0x000001d21f3ce0c8]
Event: 1.192 Thread 0x000001d2352116c0 1380   !   3       sun.font.TrueTypeFont::getAllFamilyNames (30 bytes)
Event: 1.193 Thread 0x000001d2352116c0 nmethod 1380 0x000001d21f3ce390 code [0x000001d21f3ce5a0, 0x000001d21f3cee88]
Event: 1.195 Thread 0x000001d23a763a70 1382   !   4       sun.nio.cs.UnicodeDecoder::decodeLoop (304 bytes)

GC Heap History (0 events):
No events

Deoptimization events (20 events):
Event: 0.450 Thread 0x000001d2172c40b0 Uncommon trap: trap_request=0xffffff45 fr.pc=0x000001d2266ca018 relative=0x0000000000000098
Event: 0.450 Thread 0x000001d2172c40b0 Uncommon trap: reason=unstable_if action=reinterpret pc=0x000001d2266ca018 method=java.util.HashMap.hash(Ljava/lang/Object;)I @ 1 c2
Event: 0.450 Thread 0x000001d2172c40b0 DEOPT PACKING pc=0x000001d2266ca018 sp=0x000000098f6fe470
Event: 0.450 Thread 0x000001d2172c40b0 DEOPT UNPACKING pc=0x000001d21ec45c23 sp=0x000000098f6fe408 mode 2
Event: 0.551 Thread 0x000001d23a771320 Uncommon trap: trap_request=0xffffff45 fr.pc=0x000001d2266e7270 relative=0x00000000000004b0
Event: 0.551 Thread 0x000001d23a771320 Uncommon trap: reason=unstable_if action=reinterpret pc=0x000001d2266e7270 method=java.lang.StringLatin1.replace([BCC)Ljava/lang/String; @ 19 c2
Event: 0.551 Thread 0x000001d23a771320 DEOPT PACKING pc=0x000001d2266e7270 sp=0x0000000990efed00
Event: 0.551 Thread 0x000001d23a771320 DEOPT UNPACKING pc=0x000001d21ec45c23 sp=0x0000000990efec80 mode 2
Event: 0.766 Thread 0x000001d23a3eb270 Uncommon trap: trap_request=0xffffff45 fr.pc=0x000001d226713380 relative=0x00000000000004c0
Event: 0.766 Thread 0x000001d23a3eb270 Uncommon trap: reason=unstable_if action=reinterpret pc=0x000001d226713380 method=java.lang.StringLatin1.toLowerCase(Ljava/lang/String;[BLjava/util/Locale;)Ljava/lang/String; @ 43 c2
Event: 0.766 Thread 0x000001d23a3eb270 DEOPT PACKING pc=0x000001d226713380 sp=0x0000000990dfd2e0
Event: 0.766 Thread 0x000001d23a3eb270 DEOPT UNPACKING pc=0x000001d21ec45c23 sp=0x0000000990dfd250 mode 2
Event: 1.105 Thread 0x000001d23a3eb270 Uncommon trap: trap_request=0xffffff45 fr.pc=0x000001d2266c99b4 relative=0x0000000000000094
Event: 1.105 Thread 0x000001d23a3eb270 Uncommon trap: reason=unstable_if action=reinterpret pc=0x000001d2266c99b4 method=java.lang.String.isLatin1()Z @ 10 c2
Event: 1.105 Thread 0x000001d23a3eb270 DEOPT PACKING pc=0x000001d2266c99b4 sp=0x0000000990dfd110
Event: 1.105 Thread 0x000001d23a3eb270 DEOPT UNPACKING pc=0x000001d21ec45c23 sp=0x0000000990dfd040 mode 2
Event: 1.146 Thread 0x000001d23a3eb270 Uncommon trap: trap_request=0xffffff45 fr.pc=0x000001d22672193c relative=0x00000000000003fc
Event: 1.146 Thread 0x000001d23a3eb270 Uncommon trap: reason=unstable_if action=reinterpret pc=0x000001d22672193c method=java.lang.Character.isSurrogate(C)Z @ 3 c2
Event: 1.146 Thread 0x000001d23a3eb270 DEOPT PACKING pc=0x000001d22672193c sp=0x0000000990dfcdb0
Event: 1.146 Thread 0x000001d23a3eb270 DEOPT UNPACKING pc=0x000001d21ec45c23 sp=0x0000000990dfccd8 mode 2

Classes loaded (20 events):
Event: 0.717 Loading class java/awt/image/SinglePixelPackedSampleModel
Event: 0.718 Loading class java/awt/image/SinglePixelPackedSampleModel done
Event: 0.718 Loading class sun/awt/image/IntegerInterleavedRaster
Event: 0.718 Loading class sun/awt/image/IntegerInterleavedRaster done
Event: 0.719 Loading class sun/awt/image/BufImgSurfaceData
Event: 0.719 Loading class sun/awt/image/BufImgSurfaceData done
Event: 0.719 Loading class sun/awt/image/BufImgSurfaceData$ICMColorData
Event: 0.719 Loading class sun/awt/image/BufImgSurfaceData$ICMColorData done
Event: 0.720 Loading class sun/awt/image/BufferedImageDevice
Event: 0.720 Loading class sun/awt/image/BufferedImageDevice done
Event: 0.725 Loading class sun/font/SunFontManager$FamilyDescription
Event: 0.725 Loading class sun/font/SunFontManager$FamilyDescription done
Event: 0.767 Loading class sun/font/SunFontManager$3
Event: 0.767 Loading class sun/font/SunFontManager$3 done
Event: 0.803 Loading class sun/font/SunFontManager$8
Event: 0.804 Loading class sun/font/SunFontManager$8 done
Event: 0.804 Loading class sun/font/SunFontManager$9
Event: 0.804 Loading class sun/font/SunFontManager$9 done
Event: 1.124 Loading class jdk/internal/access/foreign/MemorySegmentProxy
Event: 1.124 Loading class jdk/internal/access/foreign/MemorySegmentProxy done

Classes unloaded (0 events):
No events

Classes redefined (0 events):
No events

Internal exceptions (18 events):
Event: 0.080 Thread 0x000001d2172c40b0 Exception <a 'sun/nio/fs/WindowsException'{0x000000008d235c28}> (0x000000008d235c28) 
thrown [s\open\src\hotspot\share\prims\jni.cpp, line 516]
Event: 0.080 Thread 0x000001d2172c40b0 Exception <a 'sun/nio/fs/WindowsException'{0x000000008d2361e0}> (0x000000008d2361e0) 
thrown [s\open\src\hotspot\share\prims\jni.cpp, line 516]
Event: 0.081 Thread 0x000001d2172c40b0 Exception <a 'sun/nio/fs/WindowsException'{0x000000008d238858}> (0x000000008d238858) 
thrown [s\open\src\hotspot\share\prims\jni.cpp, line 516]
Event: 0.081 Thread 0x000001d2172c40b0 Exception <a 'sun/nio/fs/WindowsException'{0x000000008d2393e0}> (0x000000008d2393e0) 
thrown [s\open\src\hotspot\share\prims\jni.cpp, line 516]
Event: 0.122 Thread 0x000001d2172c40b0 Exception <a 'java/lang/ClassNotFoundException'{0x000000008d109150}: sun/awt/resources/spi/awtProvider> (0x000000008d109150) 
thrown [s\open\src\hotspot\share\classfile\systemDictionary.cpp, line 255]
Event: 0.144 Thread 0x000001d2172c40b0 Exception <a 'java/io/FileNotFoundException'{0x000000008d15c940}> (0x000000008d15c940) 
thrown [s\open\src\hotspot\share\prims\jni.cpp, line 516]
Event: 0.151 Thread 0x000001d2172c40b0 Exception <a 'java/io/FileNotFoundException'{0x000000008d189ba8}> (0x000000008d189ba8) 
thrown [s\open\src\hotspot\share\prims\jni.cpp, line 516]
Event: 0.191 Thread 0x000001d2172c40b0 Exception <a 'java/lang/NoSuchMethodError'{0x000000008d1ce008}: 'java.lang.Object java.lang.invoke.DirectMethodHandle$Holder.invokeStaticInit(java.lang.Object)'> (0x000000008d1ce008) 
thrown [s\open\src\hotspot\share\interpreter\linkResolver.cpp, line 759]
Event: 0.226 Thread 0x000001d2172c40b0 Exception <a 'java/lang/NoSuchMethodError'{0x000000008d0a1e78}: 'void java.lang.invoke.DirectMethodHandle$Holder.invokeSpecial(java.lang.Object, java.lang.Object, java.lang.Object)'> (0x000000008d0a1e78) 
thrown [s\open\src\hotspot\share\interpreter\linkResolver.cpp, line 759]
Event: 0.234 Thread 0x000001d2172c40b0 Exception <a 'java/lang/NoSuchMethodError'{0x000000008d0ccef8}: 'java.lang.Object java.lang.invoke.DirectMethodHandle$Holder.newInvokeSpecial(java.lang.Object, java.lang.Object, java.lang.Object, java.lang.Object, java.lang.Object)'> (0x000000008d0ccef8) 
thrown [s\open\src\hotspot\share\interpreter\linkResolver.cpp, line 759]
Event: 0.240 Thread 0x000001d2172c40b0 Exception <a 'java/lang/NoSuchMethodError'{0x000000008d0fed10}: 'java.lang.Object java.lang.invoke.DirectMethodHandle$Holder.invokeStatic(java.lang.Object, int, java.lang.Object)'> (0x000000008d0fed10) 
thrown [s\open\src\hotspot\share\interpreter\linkResolver.cpp, line 759]
Event: 0.265 Thread 0x000001d2172c40b0 Exception <a 'java/lang/ClassNotFoundException'{0x000000008cfbc128}: com/sun/swing/internal/plaf/metal/resources/spi/metalProvider> (0x000000008cfbc128) 
thrown [s\open\src\hotspot\share\classfile\systemDictionary.cpp, line 255]
Event: 0.266 Thread 0x000001d2172c40b0 Exception <a 'java/lang/ClassNotFoundException'{0x000000008cfc0160}: com/sun/swing/internal/plaf/basic/resources/spi/basicProvider> (0x000000008cfc0160) 
thrown [s\open\src\hotspot\share\classfile\systemDictionary.cpp, line 255]
Event: 0.274 Thread 0x000001d2172c40b0 Exception <a 'java/lang/NoSuchMethodError'{0x000000008cfe0560}: 'int java.lang.invoke.Invokers$Holder.invokeExact_MT(java.lang.Object, java.lang.Object)'> (0x000000008cfe0560) 
thrown [s\open\src\hotspot\share\interpreter\linkResolver.cpp, line 759]
Event: 0.450 Thread 0x000001d2172c40b0 Implicit null exception at 0x000001d2266c9f8f to 0x000001d2266ca009
Event: 0.555 Thread 0x000001d23a771320 Exception <a 'java/lang/NoSuchMethodError'{0x000000008ca010f0}: 'java.lang.Object java.lang.invoke.DirectMethodHandle$Holder.newInvokeSpecial(java.lang.Object, java.lang.Object, java.lang.Object, int, int, int, int, int)'> (0x000000008ca010f0) 
thrown [s\open\src\hotspot\share\interpreter\linkResolver.cpp, line 759]
Event: 0.596 Thread 0x000001d2396a3f40 Exception <a 'java/lang/NoSuchMethodError'{0x000000008d00fb18}: 'void java.lang.invoke.DirectMethodHandle$Holder.invokeVirtual(java.lang.Object, java.lang.Object)'> (0x000000008d00fb18) 
thrown [s\open\src\hotspot\share\interpreter\linkResolver.cpp, line 759]
Event: 0.615 Thread 0x000001d2172c40b0 Exception <a 'java/lang/NoSuchMethodError'{0x000000008caa0230}: 'void java.lang.invoke.DirectMethodHandle$Holder.invokeStaticInit(java.lang.Object)'> (0x000000008caa0230) 
thrown [s\open\src\hotspot\share\interpreter\linkResolver.cpp, line 759]

VM Operations (14 events):
Event: 0.083 Executing VM operation: HandshakeAllThreads
Event: 0.083 Executing VM operation: HandshakeAllThreads done
Event: 0.295 Executing VM operation: HandshakeAllThreads
Event: 0.295 Executing VM operation: HandshakeAllThreads done
Event: 0.544 Executing VM operation: HandshakeAllThreads
Event: 0.544 Executing VM operation: HandshakeAllThreads done
Event: 0.573 Executing VM operation: HandshakeAllThreads
Event: 0.573 Executing VM operation: HandshakeAllThreads done
Event: 0.601 Executing VM operation: HandshakeAllThreads
Event: 0.601 Executing VM operation: HandshakeAllThreads done
Event: 0.707 Executing VM operation: HandshakeAllThreads
Event: 0.707 Executing VM operation: HandshakeAllThreads done
Event: 0.933 Executing VM operation: ICBufferFull
Event: 0.933 Executing VM operation: ICBufferFull done

Events (20 events):
Event: 0.063 Thread 0x000001d239486610 Thread added: 0x000001d239486610
Event: 0.076 Loaded shared library C:\Program Files\Java\jdk-18.0.2.1\bin\net.dll
Event: 0.078 Loaded shared library C:\Program Files\Java\jdk-18.0.2.1\bin\nio.dll
Event: 0.094 Thread 0x000001d239537650 Thread added: 0x000001d239537650
Event: 0.098 Thread 0x000001d239541d80 Thread added: 0x000001d239541d80
Event: 0.102 Loaded shared library C:\Program Files\Java\jdk-18.0.2.1\bin\zip.dll
Event: 0.116 Loaded shared library C:\Program Files\Java\jdk-18.0.2.1\bin\jimage.dll
Event: 0.133 Loaded shared library C:\Program Files\Java\jdk-18.0.2.1\bin\awt.dll
Event: 0.192 Thread 0x000001d2396a31c0 Thread added: 0x000001d2396a31c0
Event: 0.193 Thread 0x000001d2396a3680 Thread added: 0x000001d2396a3680
Event: 0.195 Thread 0x000001d2396a3f40 Thread added: 0x000001d2396a3f40
Event: 0.302 Loaded shared library C:\Program Files\Java\jdk-18.0.2.1\bin\verify.dll
Event: 0.386 Loaded shared library C:\Program Files\Java\jdk-18.0.2.1\bin\freetype.dll
Event: 0.389 Loaded shared library C:\Program Files\Java\jdk-18.0.2.1\bin\fontmanager.dll
Event: 0.430 Thread 0x000001d23a3eb270 Thread added: 0x000001d23a3eb270
Event: 0.549 Thread 0x000001d23a771320 Thread added: 0x000001d23a771320
Event: 0.705 Thread 0x000001d2172c40b0 Thread exited: 0x000001d2172c40b0
Event: 0.706 Thread 0x000001d2172c40b0 Thread added: 0x000001d2172c40b0
Event: 0.732 Thread 0x000001d239541d80 Thread exited: 0x000001d239541d80
Event: 1.194 Thread 0x000001d23a763a70 Thread added: 0x000001d23a763a70


Dynamic libraries:
0x00007ff6a7150000 - 0x00007ff6a7160000 	C:\Program Files\Java\jdk-18.0.2.1\bin\java.exe
0x00007ff96a190000 - 0x00007ff96a3a4000 	C:\WINDOWS\SYSTEM32\ntdll.dll
0x00007ff958f00000 - 0x00007ff958f19000 	C:\Program Files\Avast Software\Avast\aswhook.dll
0x00007ff9682b0000 - 0x00007ff968374000 	C:\WINDOWS\System32\KERNEL32.DLL
0x00007ff967660000 - 0x00007ff967a04000 	C:\WINDOWS\System32\KERNELBASE.dll
0x00007ff967540000 - 0x00007ff967651000 	C:\WINDOWS\System32\ucrtbase.dll
0x00007ff962520000 - 0x00007ff96253a000 	C:\Program Files\Java\jdk-18.0.2.1\bin\VCRUNTIME140.dll
0x00007ff957120000 - 0x00007ff957138000 	C:\Program Files\Java\jdk-18.0.2.1\bin\jli.dll
0x00007ff969c80000 - 0x00007ff969d30000 	C:\WINDOWS\System32\ADVAPI32.dll
0x00007ff969710000 - 0x00007ff9697b7000 	C:\WINDOWS\System32\msvcrt.dll
0x00007ff969f60000 - 0x00007ff96a006000 	C:\WINDOWS\System32\sechost.dll
0x00007ff96a030000 - 0x00007ff96a147000 	C:\WINDOWS\System32\RPCRT4.dll
0x00007ff969530000 - 0x00007ff9696de000 	C:\WINDOWS\System32\USER32.dll
0x00007ff967ef0000 - 0x00007ff967f16000 	C:\WINDOWS\System32\win32u.dll
0x00007ff9498b0000 - 0x00007ff949b43000 	C:\WINDOWS\WinSxS\amd64_microsoft.windows.common-controls_6595b64144ccf1df_6.0.22621.2215_none_270d72677387dfc3\COMCTL32.dll
0x00007ff9696e0000 - 0x00007ff969709000 	C:\WINDOWS\System32\GDI32.dll
0x00007ff967cc0000 - 0x00007ff967dd8000 	C:\WINDOWS\System32\gdi32full.dll
0x00007ff967de0000 - 0x00007ff967e7a000 	C:\WINDOWS\System32\msvcp_win.dll
0x00007ff95bc00000 - 0x00007ff95bc0a000 	C:\WINDOWS\SYSTEM32\VERSION.dll
0x00007ff9697c0000 - 0x00007ff9697f1000 	C:\WINDOWS\System32\IMM32.DLL
0x00007ff9641f0000 - 0x00007ff9641fc000 	C:\Program Files\Java\jdk-18.0.2.1\bin\vcruntime140_1.dll
0x00007ff946610000 - 0x00007ff94669d000 	C:\Program Files\Java\jdk-18.0.2.1\bin\msvcp140.dll
0x00007ff915660000 - 0x00007ff916271000 	C:\Program Files\Java\jdk-18.0.2.1\bin\server\jvm.dll
0x00007ff9689f0000 - 0x00007ff9689f8000 	C:\WINDOWS\System32\PSAPI.DLL
0x00007ff95cc90000 - 0x00007ff95ccc4000 	C:\WINDOWS\SYSTEM32\WINMM.dll
0x00007ff945900000 - 0x00007ff945909000 	C:\WINDOWS\SYSTEM32\WSOCK32.dll
0x00007ff968b50000 - 0x00007ff968bc1000 	C:\WINDOWS\System32\WS2_32.dll
0x00007ff966680000 - 0x00007ff966698000 	C:\WINDOWS\SYSTEM32\kernel.appcore.dll
0x00007ff962510000 - 0x00007ff96251a000 	C:\Program Files\Java\jdk-18.0.2.1\bin\jimage.dll
0x00007ff962630000 - 0x00007ff96285e000 	C:\WINDOWS\SYSTEM32\DBGHELP.DLL
0x00007ff967f20000 - 0x00007ff9682aa000 	C:\WINDOWS\System32\combase.dll
0x00007ff968380000 - 0x00007ff968457000 	C:\WINDOWS\System32\OLEAUT32.dll
0x00007ff94d570000 - 0x00007ff94d5a2000 	C:\WINDOWS\SYSTEM32\dbgcore.DLL
0x00007ff967c40000 - 0x00007ff967cba000 	C:\WINDOWS\System32\bcryptPrimitives.dll
0x00007ff9604c0000 - 0x00007ff9604e5000 	C:\Program Files\Java\jdk-18.0.2.1\bin\java.dll
0x00007ff91e8f0000 - 0x00007ff91e9c6000 	C:\Program Files\Java\jdk-18.0.2.1\bin\jsvml.dll
0x00007ff968ce0000 - 0x00007ff969503000 	C:\WINDOWS\System32\SHELL32.dll
0x00007ff9654d0000 - 0x00007ff965dba000 	C:\WINDOWS\SYSTEM32\windows.storage.dll
0x00007ff965390000 - 0x00007ff9654ce000 	C:\WINDOWS\SYSTEM32\wintypes.dll
0x00007ff968bd0000 - 0x00007ff968cc3000 	C:\WINDOWS\System32\SHCORE.dll
0x00007ff969eb0000 - 0x00007ff969f0e000 	C:\WINDOWS\System32\shlwapi.dll
0x00007ff967470000 - 0x00007ff967496000 	C:\WINDOWS\SYSTEM32\profapi.dll
0x00007ff956fb0000 - 0x00007ff956fc3000 	C:\Program Files\Java\jdk-18.0.2.1\bin\net.dll
0x00007ff960060000 - 0x00007ff960197000 	C:\WINDOWS\SYSTEM32\WINHTTP.dll
0x00007ff966b00000 - 0x00007ff966b69000 	C:\WINDOWS\system32\mswsock.dll
0x00007ff94cef0000 - 0x00007ff94cf06000 	C:\Program Files\Java\jdk-18.0.2.1\bin\nio.dll
0x00007ff94c630000 - 0x00007ff94c648000 	C:\Program Files\Java\jdk-18.0.2.1\bin\zip.dll
0x00007ff91e760000 - 0x00007ff91e8ef000 	C:\Program Files\Java\jdk-18.0.2.1\bin\awt.dll
0x00007ff9649a0000 - 0x00007ff964a37000 	C:\WINDOWS\SYSTEM32\apphelp.dll
0x00007ff964c90000 - 0x00007ff964cbb000 	C:\WINDOWS\system32\DWMAPI.DLL
0x00007ff964a60000 - 0x00007ff964b0b000 	C:\WINDOWS\system32\uxtheme.dll
0x00007ff927560000 - 0x00007ff927660000 	C:\WINDOWS\system32\opengl32.dll
0x00007ff92bbb0000 - 0x00007ff92bbdd000 	C:\WINDOWS\SYSTEM32\GLU32.dll
0x00007ff964b40000 - 0x00007ff964b78000 	C:\WINDOWS\SYSTEM32\dxcore.dll
0x00007ff968a00000 - 0x00007ff968b49000 	C:\WINDOWS\System32\MSCTF.dll
0x00007ff968730000 - 0x00007ff9688ce000 	C:\WINDOWS\System32\ole32.dll
0x00007ff9624d0000 - 0x00007ff9624e0000 	C:\Program Files\Java\jdk-18.0.2.1\bin\verify.dll
0x00007ff92baf0000 - 0x00007ff92bb76000 	C:\Program Files\Java\jdk-18.0.2.1\bin\freetype.dll
0x00007ff91e6b0000 - 0x00007ff91e758000 	C:\Program Files\Java\jdk-18.0.2.1\bin\fontmanager.dll
0x00007ff968680000 - 0x00007ff968730000 	C:\WINDOWS\System32\clbcatq.dll
0x00007ff963300000 - 0x00007ff9634b0000 	C:\WINDOWS\SYSTEM32\WindowsCodecs.dll
0x00007ff949d60000 - 0x00007ff949ea4000 	C:\WINDOWS\SYSTEM32\textinputframework.dll

dbghelp: loaded successfully - version: 4.0.5 - missing functions: none
symbol engine: initialized successfully - sym options: 0x614 - pdb path: .;C:\Program Files\Java\jdk-18.0.2.1\bin;C:\WINDOWS\SYSTEM32;C:\Program Files\Avast Software\Avast;C:\WINDOWS\WinSxS\amd64_microsoft.windows.common-controls_6595b64144ccf1df_6.0.22621.2215_none_270d72677387dfc3;C:\Program Files\Java\jdk-18.0.2.1\bin\server

VM Arguments:
jvm_args: -Dfile.encoding=UTF-8 --module-path=C:\Users\ragha\OneDrive\Documents\NetBeansProjects\EmployeeManagementSystem\build\classes 
java_command: employeemanagementsystem.Add
java_class_path (initial): C:\Users\ragha\Downloads\mysql-connector-java-8.0.28.jar;C:\Users\ragha\Downloads\jcalendar-tz-1.3.3-4.jar;C:\Users\ragha\OneDrive\Documents\NetBeansProjects\EmployeeManagementSystem\build\classes
Launcher Type: SUN_STANDARD

[Global flags]
     intx CICompilerCount                          = 4                                         {product} {ergonomic}
     uint ConcGCThreads                            = 2                                         {product} {ergonomic}
     uint G1ConcRefinementThreads                  = 8                                         {product} {ergonomic}
   size_t G1HeapRegionSize                         = 1048576                                   {product} {ergonomic}
    uintx GCDrainStackTargetSize                   = 64                                        {product} {ergonomic}
   size_t InitialHeapSize                          = 130023424                                 {product} {ergonomic}
   size_t MarkStackSize                            = 4194304                                   {product} {ergonomic}
   size_t MaxHeapSize                              = 2055208960                                {product} {ergonomic}
   size_t MaxNewSize                               = 1233125376                                {product} {ergonomic}
   size_t MinHeapDeltaBytes                        = 1048576                                   {product} {ergonomic}
   size_t MinHeapSize                              = 8388608                                   {product} {ergonomic}
    uintx NonNMethodCodeHeapSize                   = 5839372                                {pd product} {ergonomic}
    uintx NonProfiledCodeHeapSize                  = 122909434                              {pd product} {ergonomic}
    uintx ProfiledCodeHeapSize                     = 122909434                              {pd product} {ergonomic}
    uintx ReservedCodeCacheSize                    = 251658240                              {pd product} {ergonomic}
     bool SegmentedCodeCache                       = true                                      {product} {ergonomic}
   size_t SoftMaxHeapSize                          = 2055208960                             {manageable} {ergonomic}
     bool UseCompressedClassPointers               = true                           {product lp64_product} {ergonomic}
     bool UseCompressedOops                        = true                           {product lp64_product} {ergonomic}
     bool UseG1GC                                  = true                                      {product} {ergonomic}
     bool UseLargePagesIndividualAllocation        = false                                  {pd product} {ergonomic}

Logging:
Log output configuration:
 #0: stdout all=warning uptime,level,tags foldmultilines=false
 #1: stderr all=off uptime,level,tags foldmultilines=false

Environment Variables:
JAVA_HOME=C:\Program Files\Java\jdk-18.0.2.1
PATH=C:\ProgramData\Oracle\Java\javapath;C:\Program Files\Common Files\Oracle\Java\javapath;C:\Program Files (x86)\Common Files\Oracle\Java\javapath;C:\Program Files (x86)\VMware\VMware Player\bin\;C:\oracle\product\10.2.0\db_1\bin;C:\WINDOWS\system32;C:\WINDOWS;C:\WINDOWS\System32\Wbem;C:\WINDOWS\System32\WindowsPowerShell\v1.0\;C:\WINDOWS\System32\OpenSSH\;C:\Program Files\Java\jdk-18.0.2.1\bin;C:\Program Files\Git\cmd;;C:\Users\ragha\AppData\Local\Programs\Microsoft VS Code\bin;C:\Users\ragha\AppData\Local\Microsoft\WindowsApps
USERNAME=ragha
OS=Windows_NT
PROCESSOR_IDENTIFIER=Intel64 Family 6 Model 140 Stepping 2, GenuineIntel



---------------  S Y S T E M  ---------------

OS:
 Windows 11 , 64 bit Build 22621 (10.0.22621.2215)
OS uptime: 1 days 0:45 hours

CPU: total 8 (initial active 8) (4 cores per cpu, 2 threads per core) family 6 model 140 stepping 2 microcode 0x2a, cx8, cmov, fxsr, ht, mmx, 3dnowpref, sse, sse2, sse3, ssse3, sse4.1, sse4.2, popcnt, lzcnt, tsc, tscinvbit, avx, avx2, aes, erms, clmul, bmi1, bmi2, adx, avx512f, avx512dq, avx512cd, avx512bw, avx512vl, sha, fma, vzeroupper, avx512_vpopcntdq, avx512_vpclmulqdq, avx512_vaes, avx512_vnni, clflush, clflushopt, clwb, avx512_vbmi2, avx512_vbmi

Memory: 4k page, system-wide physical 7834M (412M free)
TotalPageFile size 31386M (AvailPageFile size 0M)
current process WorkingSet (physical memory assigned to process): 81M, peak: 81M
current process commit charge ("private bytes"): 227M, peak: 228M

vm_info: Java HotSpot(TM) 64-Bit Server VM (18.0.2.1+1-1) for windows-amd64 JRE (18.0.2.1+1-1), built on Aug 16 2022 01:46:33 by "mach5one" with MS VC++ 16.8 / 16.9 (VS2019)

END.
